This is pdfTeX, Version 3.14159265-2.6-1.40.19 (TeX Live 2018) (preloaded format=pdflatex 2018.5.29)  10 DEC 2018 20:05
entering extended mode
 restricted \write18 enabled.
 %&-line parsing enabled.
**main.tex
(./main.tex
LaTeX2e <2018-04-01> patch level 2
Babel <3.18> and hyphenation patterns for 84 language(s) loaded.
(./commandsFile.tex
(/usr/local/texlive/2018/texmf-dist/tex/latex/base/article.cls
Document Class: article 2014/09/29 v1.4h Standard LaTeX document class
(/usr/local/texlive/2018/texmf-dist/tex/latex/base/size11.clo
File: size11.clo 2014/09/29 v1.4h Standard LaTeX file (size option)
)
\c@part=\count80
\c@section=\count81
\c@subsection=\count82
\c@subsubsection=\count83
\c@paragraph=\count84
\c@subparagraph=\count85
\c@figure=\count86
\c@table=\count87
\abovecaptionskip=\skip41
\belowcaptionskip=\skip42
\bibindent=\dimen102
)
(/usr/local/texlive/2018/texmf-dist/tex/latex/base/inputenc.sty
Package: inputenc 2018/04/06 v1.3b Input encoding file
\inpenc@prehook=\toks14
\inpenc@posthook=\toks15
)
(/usr/local/texlive/2018/texmf-dist/tex/latex/base/fontenc.sty
Package: fontenc 2017/04/05 v2.0i Standard LaTeX package

(/usr/local/texlive/2018/texmf-dist/tex/latex/base/t1enc.def
File: t1enc.def 2017/04/05 v2.0i Standard LaTeX file
LaTeX Font Info:    Redeclaring font encoding T1 on input line 48.
))
(/usr/local/texlive/2018/texmf-dist/tex/latex/geometry/geometry.sty
Package: geometry 2018/03/24 v5.7 Page Geometry

(/usr/local/texlive/2018/texmf-dist/tex/latex/graphics/keyval.sty
Package: keyval 2014/10/28 v1.15 key=value parser (DPC)
\KV@toks@=\toks16
)
(/usr/local/texlive/2018/texmf-dist/tex/generic/oberdiek/ifpdf.sty
Package: ifpdf 2017/03/15 v3.2 Provides the ifpdf switch
)
(/usr/local/texlive/2018/texmf-dist/tex/generic/oberdiek/ifvtex.sty
Package: ifvtex 2016/05/16 v1.6 Detect VTeX and its facilities (HO)
Package ifvtex Info: VTeX not detected.
)
(/usr/local/texlive/2018/texmf-dist/tex/generic/ifxetex/ifxetex.sty
Package: ifxetex 2010/09/12 v0.6 Provides ifxetex conditional
)
\Gm@cnth=\count88
\Gm@cntv=\count89
\c@Gm@tempcnt=\count90
\Gm@bindingoffset=\dimen103
\Gm@wd@mp=\dimen104
\Gm@odd@mp=\dimen105
\Gm@even@mp=\dimen106
\Gm@layoutwidth=\dimen107
\Gm@layoutheight=\dimen108
\Gm@layouthoffset=\dimen109
\Gm@layoutvoffset=\dimen110
\Gm@dimlist=\toks17
)

Package geometry Warning: Over-specification in `h'-direction.
    `width' (597.50787pt) is ignored.


Package geometry Warning: Over-specification in `v'-direction.
    `height' (845.04684pt) is ignored.

(/usr/local/texlive/2018/texmf-dist/tex/latex/tocloft/tocloft.sty
Package: tocloft 2017/08/31 v2.3i parameterised ToC, etc., typesetting
Package tocloft Info: The document has section divisions on input line 51.
\cftparskip=\skip43
\cftbeforetoctitleskip=\skip44
\cftaftertoctitleskip=\skip45
\cftbeforepartskip=\skip46
\cftpartnumwidth=\skip47
\cftpartindent=\skip48
\cftbeforesecskip=\skip49
\cftsecindent=\skip50
\cftsecnumwidth=\skip51
\cftbeforesubsecskip=\skip52
\cftsubsecindent=\skip53
\cftsubsecnumwidth=\skip54
\cftbeforesubsubsecskip=\skip55
\cftsubsubsecindent=\skip56
\cftsubsubsecnumwidth=\skip57
\cftbeforeparaskip=\skip58
\cftparaindent=\skip59
\cftparanumwidth=\skip60
\cftbeforesubparaskip=\skip61
\cftsubparaindent=\skip62
\cftsubparanumwidth=\skip63
\cftbeforeloftitleskip=\skip64
\cftafterloftitleskip=\skip65
\cftbeforefigskip=\skip66
\cftfigindent=\skip67
\cftfignumwidth=\skip68
\c@lofdepth=\count91
\c@lotdepth=\count92
\cftbeforelottitleskip=\skip69
\cftafterlottitleskip=\skip70
\cftbeforetabskip=\skip71
\cfttabindent=\skip72
\cfttabnumwidth=\skip73
)
(/usr/local/texlive/2018/texmf-dist/tex/latex/fancyhdr/fancyhdr.sty
Package: fancyhdr 2017/06/30 v3.9a Extensive control of page headers and footer
s
\f@nch@headwidth=\skip74
\f@nch@O@elh=\skip75
\f@nch@O@erh=\skip76
\f@nch@O@olh=\skip77
\f@nch@O@orh=\skip78
\f@nch@O@elf=\skip79
\f@nch@O@erf=\skip80
\f@nch@O@olf=\skip81
\f@nch@O@orf=\skip82
)
(/usr/local/texlive/2018/texmf-dist/tex/latex/wasysym/wasysym.sty
Package: wasysym 2003/10/30 v2.0 Wasy-2 symbol support package
\symwasy=\mathgroup4
LaTeX Font Info:    Overwriting symbol font `wasy' in version `bold'
(Font)                  U/wasy/m/n --> U/wasy/b/n on input line 90.
)
(/usr/local/texlive/2018/texmf-dist/tex/latex/psnfss/pifont.sty
Package: pifont 2005/04/12 PSNFSS-v9.2a Pi font support (SPQR) 
LaTeX Font Info:    Try loading font information for U+pzd on input line 63.

(/usr/local/texlive/2018/texmf-dist/tex/latex/psnfss/upzd.fd
File: upzd.fd 2001/06/04 font definitions for U/pzd.
)
LaTeX Font Info:    Try loading font information for U+psy on input line 64.

(/usr/local/texlive/2018/texmf-dist/tex/latex/psnfss/upsy.fd
File: upsy.fd 2001/06/04 font definitions for U/psy.
))
(/usr/local/texlive/2018/texmf-dist/tex/latex/psnfss/times.sty
Package: times 2005/04/12 PSNFSS-v9.2a (SPQR) 
)
(/usr/local/texlive/2018/texmf-dist/tex/latex/tabu/tabu.sty
Package: tabu 2011/02/26 v2.8 - flexible LaTeX tabulars (FC)

(/usr/local/texlive/2018/texmf-dist/tex/latex/tools/array.sty
Package: array 2018/04/07 v2.4g Tabular extension package (FMi)
\col@sep=\dimen111
\ar@mcellbox=\box26
\extrarowheight=\dimen112
\NC@list=\toks18
\extratabsurround=\skip83
\backup@length=\skip84
\ar@cellbox=\box27
)
(/usr/local/texlive/2018/texmf-dist/tex/latex/varwidth/varwidth.sty
Package: varwidth 2009/03/30 ver 0.92;  Variable-width minipages
\@vwid@box=\box28
\sift@deathcycles=\count93
\@vwid@loff=\dimen113
\@vwid@roff=\dimen114
)
\c@taburow=\count94
\tabu@nbcols=\count95
\tabu@cnt=\count96
\tabu@Xcol=\count97
\tabu@alloc=\count98
\tabu@nested=\count99
\tabu@target=\dimen115
\tabu@spreadtarget=\dimen116
\tabu@naturalX=\dimen117
\tabucolX=\dimen118
\tabu@Xsum=\dimen119
\extrarowdepth=\dimen120
\abovetabulinesep=\dimen121
\belowtabulinesep=\dimen122
\tabustrutrule=\dimen123
\tabu@thebody=\toks19
\tabu@footnotes=\toks20
\tabu@box=\box29
\tabu@arstrutbox=\box30
\tabu@hleads=\box31
\tabu@vleads=\box32
\tabu@cellskip=\skip85
)
(/usr/local/texlive/2018/texmf-dist/tex/latex/tools/tabularx.sty
Package: tabularx 2016/02/03 v2.11b `tabularx' package (DPC)
\TX@col@width=\dimen124
\TX@old@table=\dimen125
\TX@old@col=\dimen126
\TX@target=\dimen127
\TX@delta=\dimen128
\TX@cols=\count100
\TX@ftn=\toks21
)
(/usr/local/texlive/2018/texmf-dist/tex/latex/ltablex/ltablex.sty
Package: ltablex 2014/08/13 v1.1 Modified tabularx

(/usr/local/texlive/2018/texmf-dist/tex/latex/tools/longtable.sty
Package: longtable 2014/10/28 v4.11 Multi-page Table package (DPC)
\LTleft=\skip86
\LTright=\skip87
\LTpre=\skip88
\LTpost=\skip89
\LTchunksize=\count101
\LTcapwidth=\dimen129
\LT@head=\box33
\LT@firsthead=\box34
\LT@foot=\box35
\LT@lastfoot=\box36
\LT@cols=\count102
\LT@rows=\count103
\c@LT@tables=\count104
\c@LT@chunks=\count105
\LT@p@ftn=\toks22
))
(/usr/local/texlive/2018/texmf-dist/tex/latex/float/float.sty
Package: float 2001/11/08 v1.3d Float enhancements (AL)
\c@float@type=\count106
\float@exts=\toks23
\float@box=\box37
\@float@everytoks=\toks24
\@floatcapt=\box38
)
(/usr/local/texlive/2018/texmf-dist/tex/latex/oberdiek/pdflscape.sty
Package: pdflscape 2016/05/14 v0.11 Display of landscape pages in PDF (HO)

(/usr/local/texlive/2018/texmf-dist/tex/latex/graphics/lscape.sty
Package: lscape 2000/10/22 v3.01 Landscape Pages (DPC)

(/usr/local/texlive/2018/texmf-dist/tex/latex/graphics/graphics.sty
Package: graphics 2017/06/25 v1.2c Standard LaTeX Graphics (DPC,SPQR)

(/usr/local/texlive/2018/texmf-dist/tex/latex/graphics/trig.sty
Package: trig 2016/01/03 v1.10 sin cos tan (DPC)
)
(/usr/local/texlive/2018/texmf-dist/tex/latex/graphics-cfg/graphics.cfg
File: graphics.cfg 2016/06/04 v1.11 sample graphics configuration
)
Package graphics Info: Driver file: pdftex.def on input line 99.

(/usr/local/texlive/2018/texmf-dist/tex/latex/graphics-def/pdftex.def
File: pdftex.def 2018/01/08 v1.0l Graphics/color driver for pdftex
)))
Package pdflscape Info: Auto-detected driver: pdftex on input line 81.
)
(/usr/local/texlive/2018/texmf-dist/tex/latex/graphics/rotating.sty
Package: rotating 2016/08/11 v2.16d rotated objects in LaTeX

(/usr/local/texlive/2018/texmf-dist/tex/latex/graphics/graphicx.sty
Package: graphicx 2017/06/01 v1.1a Enhanced LaTeX Graphics (DPC,SPQR)
\Gin@req@height=\dimen130
\Gin@req@width=\dimen131
)
(/usr/local/texlive/2018/texmf-dist/tex/latex/base/ifthen.sty
Package: ifthen 2014/09/29 v1.1c Standard LaTeX ifthen package (DPC)
)
\c@r@tfl@t=\count107
\rotFPtop=\skip90
\rotFPbot=\skip91
\rot@float@box=\box39
\rot@mess@toks=\toks25
)
(/usr/local/texlive/2018/texmf-dist/tex/latex/caption/caption.sty
Package: caption 2016/02/21 v3.3-144 Customizing captions (AR)

(/usr/local/texlive/2018/texmf-dist/tex/latex/caption/caption3.sty
Package: caption3 2016/05/22 v1.7-166 caption3 kernel (AR)
Package caption3 Info: TeX engine: e-TeX on input line 67.
\captionmargin=\dimen132
\captionmargin@=\dimen133
\captionwidth=\dimen134
\caption@tempdima=\dimen135
\caption@indent=\dimen136
\caption@parindent=\dimen137
\caption@hangindent=\dimen138
)
\c@ContinuedFloat=\count108
Package caption Info: float package is loaded.
Package caption Info: longtable package is loaded.

(/usr/local/texlive/2018/texmf-dist/tex/latex/caption/ltcaption.sty
Package: ltcaption 2013/06/09 v1.4-94 longtable captions (AR)
)
Package caption Info: rotating package is loaded.
)
(/usr/local/texlive/2018/texmf-dist/tex/latex/xcolor/xcolor.sty
Package: xcolor 2016/05/11 v2.12 LaTeX color extensions (UK)

(/usr/local/texlive/2018/texmf-dist/tex/latex/graphics-cfg/color.cfg
File: color.cfg 2016/01/02 v1.6 sample color configuration
)
Package xcolor Info: Driver file: pdftex.def on input line 225.

(/usr/local/texlive/2018/texmf-dist/tex/latex/colortbl/colortbl.sty
Package: colortbl 2012/02/13 v1.0a Color table columns (DPC)
\everycr=\toks26
\minrowclearance=\skip92
)
\rownum=\count109
Package xcolor Info: Model `cmy' substituted by `cmy0' on input line 1348.
Package xcolor Info: Model `hsb' substituted by `rgb' on input line 1352.
Package xcolor Info: Model `RGB' extended on input line 1364.
Package xcolor Info: Model `HTML' substituted by `rgb' on input line 1366.
Package xcolor Info: Model `Hsb' substituted by `hsb' on input line 1367.
Package xcolor Info: Model `tHsb' substituted by `hsb' on input line 1368.
Package xcolor Info: Model `HSB' substituted by `hsb' on input line 1369.
Package xcolor Info: Model `Gray' substituted by `gray' on input line 1370.
Package xcolor Info: Model `wave' substituted by `hsb' on input line 1371.

(/usr/local/texlive/2018/texmf-dist/tex/latex/graphics/dvipsnam.def
File: dvipsnam.def 2016/06/17 v3.0m Driver-dependent file (DPC,SPQR)
))
(/usr/local/texlive/2018/texmf-dist/tex/latex/tools/xspace.sty
Package: xspace 2014/10/28 v1.13 Space after command names (DPC,MH)
)
(/usr/local/texlive/2018/texmf-dist/tex/latex/enumitem/enumitem.sty
Package: enumitem 2011/09/28 v3.5.2 Customized lists
\labelindent=\skip93
\enit@outerparindent=\dimen139
\enit@toks=\toks27
\enit@inbox=\box40
\enitdp@description=\count110
)
(/usr/local/texlive/2018/texmf-dist/tex/latex/amsfonts/amssymb.sty
Package: amssymb 2013/01/14 v3.01 AMS font symbols

(/usr/local/texlive/2018/texmf-dist/tex/latex/amsfonts/amsfonts.sty
Package: amsfonts 2013/01/14 v3.01 Basic AMSFonts support
\@emptytoks=\toks28
\symAMSa=\mathgroup5
\symAMSb=\mathgroup6
LaTeX Font Info:    Overwriting math alphabet `\mathfrak' in version `bold'
(Font)                  U/euf/m/n --> U/euf/b/n on input line 106.
))
(/usr/local/texlive/2018/texmf-dist/tex/latex/hyperref/hyperref.sty
Package: hyperref 2018/02/06 v6.86b Hypertext links for LaTeX

(/usr/local/texlive/2018/texmf-dist/tex/generic/oberdiek/hobsub-hyperref.sty
Package: hobsub-hyperref 2016/05/16 v1.14 Bundle oberdiek, subset hyperref (HO)


(/usr/local/texlive/2018/texmf-dist/tex/generic/oberdiek/hobsub-generic.sty
Package: hobsub-generic 2016/05/16 v1.14 Bundle oberdiek, subset generic (HO)
Package: hobsub 2016/05/16 v1.14 Construct package bundles (HO)
Package: infwarerr 2016/05/16 v1.4 Providing info/warning/error messages (HO)
Package: ltxcmds 2016/05/16 v1.23 LaTeX kernel commands for general use (HO)
Package: ifluatex 2016/05/16 v1.4 Provides the ifluatex switch (HO)
Package ifluatex Info: LuaTeX not detected.
Package hobsub Info: Skipping package `ifvtex' (already loaded).
Package: intcalc 2016/05/16 v1.2 Expandable calculations with integers (HO)
Package hobsub Info: Skipping package `ifpdf' (already loaded).
Package: etexcmds 2016/05/16 v1.6 Avoid name clashes with e-TeX commands (HO)
Package etexcmds Info: Could not find \expanded.
(etexcmds)             That can mean that you are not using pdfTeX 1.50 or
(etexcmds)             that some package has redefined \expanded.
(etexcmds)             In the latter case, load this package earlier.
Package: kvsetkeys 2016/05/16 v1.17 Key value parser (HO)
Package: kvdefinekeys 2016/05/16 v1.4 Define keys (HO)
Package: pdftexcmds 2018/01/30 v0.27 Utility functions of pdfTeX for LuaTeX (HO
)
Package pdftexcmds Info: LuaTeX not detected.
Package pdftexcmds Info: \pdf@primitive is available.
Package pdftexcmds Info: \pdf@ifprimitive is available.
Package pdftexcmds Info: \pdfdraftmode found.
Package: pdfescape 2016/05/16 v1.14 Implements pdfTeX's escape features (HO)
Package: bigintcalc 2016/05/16 v1.4 Expandable calculations on big integers (HO
)
Package: bitset 2016/05/16 v1.2 Handle bit-vector datatype (HO)
Package: uniquecounter 2016/05/16 v1.3 Provide unlimited unique counter (HO)
)
Package hobsub Info: Skipping package `hobsub' (already loaded).
Package: letltxmacro 2016/05/16 v1.5 Let assignment for LaTeX macros (HO)
Package: hopatch 2016/05/16 v1.3 Wrapper for package hooks (HO)
Package: xcolor-patch 2016/05/16 xcolor patch
Package: atveryend 2016/05/16 v1.9 Hooks at the very end of document (HO)
Package atveryend Info: \enddocument detected (standard20110627).
Package: atbegshi 2016/06/09 v1.18 At begin shipout hook (HO)
Package: refcount 2016/05/16 v3.5 Data extraction from label references (HO)
Package: hycolor 2016/05/16 v1.8 Color options for hyperref/bookmark (HO)
)
(/usr/local/texlive/2018/texmf-dist/tex/latex/oberdiek/auxhook.sty
Package: auxhook 2016/05/16 v1.4 Hooks for auxiliary files (HO)
)
(/usr/local/texlive/2018/texmf-dist/tex/latex/oberdiek/kvoptions.sty
Package: kvoptions 2016/05/16 v3.12 Key value format for package options (HO)
)
\@linkdim=\dimen140
\Hy@linkcounter=\count111
\Hy@pagecounter=\count112

(/usr/local/texlive/2018/texmf-dist/tex/latex/hyperref/pd1enc.def
File: pd1enc.def 2018/02/06 v6.86b Hyperref: PDFDocEncoding definition (HO)
Now handling font encoding PD1 ...
... no UTF-8 mapping file for font encoding PD1
)
\Hy@SavedSpaceFactor=\count113

(/usr/local/texlive/2018/texmf-dist/tex/latex/latexconfig/hyperref.cfg
File: hyperref.cfg 2002/06/06 v1.2 hyperref configuration of TeXLive
)
Package hyperref Info: Option `colorlinks' set `true' on input line 4383.
Package hyperref Info: Hyper figures OFF on input line 4509.
Package hyperref Info: Link nesting OFF on input line 4514.
Package hyperref Info: Hyper index ON on input line 4517.
Package hyperref Info: Plain pages OFF on input line 4524.
Package hyperref Info: Backreferencing OFF on input line 4529.
Package hyperref Info: Implicit mode ON; LaTeX internals redefined.
Package hyperref Info: Bookmarks ON on input line 4762.
\c@Hy@tempcnt=\count114

(/usr/local/texlive/2018/texmf-dist/tex/latex/url/url.sty
\Urlmuskip=\muskip10
Package: url 2013/09/16  ver 3.4  Verb mode for urls, etc.
)
LaTeX Info: Redefining \url on input line 5115.
\XeTeXLinkMargin=\dimen141
\Fld@menulength=\count115
\Field@Width=\dimen142
\Fld@charsize=\dimen143
Package hyperref Info: Hyper figures OFF on input line 6369.
Package hyperref Info: Link nesting OFF on input line 6374.
Package hyperref Info: Hyper index ON on input line 6377.
Package hyperref Info: backreferencing OFF on input line 6384.
Package hyperref Info: Link coloring ON on input line 6387.
Package hyperref Info: Link coloring with OCG OFF on input line 6394.
Package hyperref Info: PDF/A mode OFF on input line 6399.
LaTeX Info: Redefining \ref on input line 6439.
LaTeX Info: Redefining \pageref on input line 6443.
\Hy@abspage=\count116
\c@Item=\count117
\c@Hfootnote=\count118
)
Package hyperref Info: Driver: hpdftex.

(/usr/local/texlive/2018/texmf-dist/tex/latex/hyperref/hpdftex.def
File: hpdftex.def 2018/02/06 v6.86b Hyperref driver for pdfTeX
\Fld@listcount=\count119
\c@bookmark@seq@number=\count120

(/usr/local/texlive/2018/texmf-dist/tex/latex/oberdiek/rerunfilecheck.sty
Package: rerunfilecheck 2016/05/16 v1.8 Rerun checks for auxiliary files (HO)
Package uniquecounter Info: New unique counter `rerunfilecheck' on input line 2
82.
)
\Hy@SectionHShift=\skip94
)
(./util/highlight.tex
(/usr/local/texlive/2018/texmf-dist/tex/latex/soul/soul.sty
Package: soul 2003/11/17 v2.4 letterspacing/underlining (mf)
\SOUL@word=\toks29
\SOUL@lasttoken=\toks30
\SOUL@cmds=\toks31
\SOUL@buffer=\toks32
\SOUL@token=\toks33
\SOUL@spaceskip=\skip95
\SOUL@ttwidth=\dimen144
\SOUL@uldp=\dimen145
\SOUL@ulht=\dimen146
)
(/usr/local/texlive/2018/texmf-dist/tex/latex/pgf/frontendlayer/tikz.sty
(/usr/local/texlive/2018/texmf-dist/tex/latex/pgf/basiclayer/pgf.sty
(/usr/local/texlive/2018/texmf-dist/tex/latex/pgf/utilities/pgfrcs.sty
(/usr/local/texlive/2018/texmf-dist/tex/generic/pgf/utilities/pgfutil-common.te
x
\pgfutil@everybye=\toks34
\pgfutil@tempdima=\dimen147
\pgfutil@tempdimb=\dimen148

(/usr/local/texlive/2018/texmf-dist/tex/generic/pgf/utilities/pgfutil-common-li
sts.tex))
(/usr/local/texlive/2018/texmf-dist/tex/generic/pgf/utilities/pgfutil-latex.def
\pgfutil@abb=\box41
(/usr/local/texlive/2018/texmf-dist/tex/latex/ms/everyshi.sty
Package: everyshi 2001/05/15 v3.00 EveryShipout Package (MS)
))
(/usr/local/texlive/2018/texmf-dist/tex/generic/pgf/utilities/pgfrcs.code.tex
Package: pgfrcs 2015/08/07 v3.0.1a (rcs-revision 1.31)
))
Package: pgf 2015/08/07 v3.0.1a (rcs-revision 1.15)
(/usr/local/texlive/2018/texmf-dist/tex/latex/pgf/basiclayer/pgfcore.sty
(/usr/local/texlive/2018/texmf-dist/tex/latex/pgf/systemlayer/pgfsys.sty
(/usr/local/texlive/2018/texmf-dist/tex/generic/pgf/systemlayer/pgfsys.code.tex
Package: pgfsys 2014/07/09 v3.0.1a (rcs-revision 1.48)
(/usr/local/texlive/2018/texmf-dist/tex/generic/pgf/utilities/pgfkeys.code.tex
\pgfkeys@pathtoks=\toks35
\pgfkeys@temptoks=\toks36

(/usr/local/texlive/2018/texmf-dist/tex/generic/pgf/utilities/pgfkeysfiltered.c
ode.tex
\pgfkeys@tmptoks=\toks37
))
\pgf@x=\dimen149
\pgf@y=\dimen150
\pgf@xa=\dimen151
\pgf@ya=\dimen152
\pgf@xb=\dimen153
\pgf@yb=\dimen154
\pgf@xc=\dimen155
\pgf@yc=\dimen156
\w@pgf@writea=\write3
\r@pgf@reada=\read1
\c@pgf@counta=\count121
\c@pgf@countb=\count122
\c@pgf@countc=\count123
\c@pgf@countd=\count124
\t@pgf@toka=\toks38
\t@pgf@tokb=\toks39
\t@pgf@tokc=\toks40

(/usr/local/texlive/2018/texmf-dist/tex/generic/pgf/systemlayer/pgf.cfg
File: pgf.cfg 2008/05/14  (rcs-revision 1.7)
)
Driver file for pgf: pgfsys-pdftex.def

(/usr/local/texlive/2018/texmf-dist/tex/generic/pgf/systemlayer/pgfsys-pdftex.d
ef
File: pgfsys-pdftex.def 2014/10/11  (rcs-revision 1.35)

(/usr/local/texlive/2018/texmf-dist/tex/generic/pgf/systemlayer/pgfsys-common-p
df.def
File: pgfsys-common-pdf.def 2013/10/10  (rcs-revision 1.13)
)))
(/usr/local/texlive/2018/texmf-dist/tex/generic/pgf/systemlayer/pgfsyssoftpath.
code.tex
File: pgfsyssoftpath.code.tex 2013/09/09  (rcs-revision 1.9)
\pgfsyssoftpath@smallbuffer@items=\count125
\pgfsyssoftpath@bigbuffer@items=\count126
)
(/usr/local/texlive/2018/texmf-dist/tex/generic/pgf/systemlayer/pgfsysprotocol.
code.tex
File: pgfsysprotocol.code.tex 2006/10/16  (rcs-revision 1.4)
))
(/usr/local/texlive/2018/texmf-dist/tex/generic/pgf/basiclayer/pgfcore.code.tex
Package: pgfcore 2010/04/11 v3.0.1a (rcs-revision 1.7)
(/usr/local/texlive/2018/texmf-dist/tex/generic/pgf/math/pgfmath.code.tex
(/usr/local/texlive/2018/texmf-dist/tex/generic/pgf/math/pgfmathcalc.code.tex
(/usr/local/texlive/2018/texmf-dist/tex/generic/pgf/math/pgfmathutil.code.tex)
(/usr/local/texlive/2018/texmf-dist/tex/generic/pgf/math/pgfmathparser.code.tex
\pgfmath@dimen=\dimen157
\pgfmath@count=\count127
\pgfmath@box=\box42
\pgfmath@toks=\toks41
\pgfmath@stack@operand=\toks42
\pgfmath@stack@operation=\toks43
)
(/usr/local/texlive/2018/texmf-dist/tex/generic/pgf/math/pgfmathfunctions.code.
tex
(/usr/local/texlive/2018/texmf-dist/tex/generic/pgf/math/pgfmathfunctions.basic
.code.tex)
(/usr/local/texlive/2018/texmf-dist/tex/generic/pgf/math/pgfmathfunctions.trigo
nometric.code.tex)
(/usr/local/texlive/2018/texmf-dist/tex/generic/pgf/math/pgfmathfunctions.rando
m.code.tex)
(/usr/local/texlive/2018/texmf-dist/tex/generic/pgf/math/pgfmathfunctions.compa
rison.code.tex)
(/usr/local/texlive/2018/texmf-dist/tex/generic/pgf/math/pgfmathfunctions.base.
code.tex)
(/usr/local/texlive/2018/texmf-dist/tex/generic/pgf/math/pgfmathfunctions.round
.code.tex)
(/usr/local/texlive/2018/texmf-dist/tex/generic/pgf/math/pgfmathfunctions.misc.
code.tex)
(/usr/local/texlive/2018/texmf-dist/tex/generic/pgf/math/pgfmathfunctions.integ
erarithmetics.code.tex)))
(/usr/local/texlive/2018/texmf-dist/tex/generic/pgf/math/pgfmathfloat.code.tex
\c@pgfmathroundto@lastzeros=\count128
))
(/usr/local/texlive/2018/texmf-dist/tex/generic/pgf/basiclayer/pgfcorepoints.co
de.tex
File: pgfcorepoints.code.tex 2013/10/07  (rcs-revision 1.27)
\pgf@picminx=\dimen158
\pgf@picmaxx=\dimen159
\pgf@picminy=\dimen160
\pgf@picmaxy=\dimen161
\pgf@pathminx=\dimen162
\pgf@pathmaxx=\dimen163
\pgf@pathminy=\dimen164
\pgf@pathmaxy=\dimen165
\pgf@xx=\dimen166
\pgf@xy=\dimen167
\pgf@yx=\dimen168
\pgf@yy=\dimen169
\pgf@zx=\dimen170
\pgf@zy=\dimen171
)
(/usr/local/texlive/2018/texmf-dist/tex/generic/pgf/basiclayer/pgfcorepathconst
ruct.code.tex
File: pgfcorepathconstruct.code.tex 2013/10/07  (rcs-revision 1.29)
\pgf@path@lastx=\dimen172
\pgf@path@lasty=\dimen173
)
(/usr/local/texlive/2018/texmf-dist/tex/generic/pgf/basiclayer/pgfcorepathusage
.code.tex
File: pgfcorepathusage.code.tex 2014/11/02  (rcs-revision 1.24)
\pgf@shorten@end@additional=\dimen174
\pgf@shorten@start@additional=\dimen175
)
(/usr/local/texlive/2018/texmf-dist/tex/generic/pgf/basiclayer/pgfcorescopes.co
de.tex
File: pgfcorescopes.code.tex 2015/05/08  (rcs-revision 1.46)
\pgfpic=\box43
\pgf@hbox=\box44
\pgf@layerbox@main=\box45
\pgf@picture@serial@count=\count129
)
(/usr/local/texlive/2018/texmf-dist/tex/generic/pgf/basiclayer/pgfcoregraphicst
ate.code.tex
File: pgfcoregraphicstate.code.tex 2014/11/02  (rcs-revision 1.12)
\pgflinewidth=\dimen176
)
(/usr/local/texlive/2018/texmf-dist/tex/generic/pgf/basiclayer/pgfcoretransform
ations.code.tex
File: pgfcoretransformations.code.tex 2015/08/07  (rcs-revision 1.20)
\pgf@pt@x=\dimen177
\pgf@pt@y=\dimen178
\pgf@pt@temp=\dimen179
)
(/usr/local/texlive/2018/texmf-dist/tex/generic/pgf/basiclayer/pgfcorequick.cod
e.tex
File: pgfcorequick.code.tex 2008/10/09  (rcs-revision 1.3)
)
(/usr/local/texlive/2018/texmf-dist/tex/generic/pgf/basiclayer/pgfcoreobjects.c
ode.tex
File: pgfcoreobjects.code.tex 2006/10/11  (rcs-revision 1.2)
)
(/usr/local/texlive/2018/texmf-dist/tex/generic/pgf/basiclayer/pgfcorepathproce
ssing.code.tex
File: pgfcorepathprocessing.code.tex 2013/09/09  (rcs-revision 1.9)
)
(/usr/local/texlive/2018/texmf-dist/tex/generic/pgf/basiclayer/pgfcorearrows.co
de.tex
File: pgfcorearrows.code.tex 2015/05/14  (rcs-revision 1.43)
\pgfarrowsep=\dimen180
)
(/usr/local/texlive/2018/texmf-dist/tex/generic/pgf/basiclayer/pgfcoreshade.cod
e.tex
File: pgfcoreshade.code.tex 2013/07/15  (rcs-revision 1.15)
\pgf@max=\dimen181
\pgf@sys@shading@range@num=\count130
)
(/usr/local/texlive/2018/texmf-dist/tex/generic/pgf/basiclayer/pgfcoreimage.cod
e.tex
File: pgfcoreimage.code.tex 2013/07/15  (rcs-revision 1.18)

(/usr/local/texlive/2018/texmf-dist/tex/generic/pgf/basiclayer/pgfcoreexternal.
code.tex
File: pgfcoreexternal.code.tex 2014/07/09  (rcs-revision 1.21)
\pgfexternal@startupbox=\box46
))
(/usr/local/texlive/2018/texmf-dist/tex/generic/pgf/basiclayer/pgfcorelayers.co
de.tex
File: pgfcorelayers.code.tex 2013/07/18  (rcs-revision 1.7)
)
(/usr/local/texlive/2018/texmf-dist/tex/generic/pgf/basiclayer/pgfcoretranspare
ncy.code.tex
File: pgfcoretransparency.code.tex 2013/09/30  (rcs-revision 1.5)
)
(/usr/local/texlive/2018/texmf-dist/tex/generic/pgf/basiclayer/pgfcorepatterns.
code.tex
File: pgfcorepatterns.code.tex 2013/11/07  (rcs-revision 1.5)
)))
(/usr/local/texlive/2018/texmf-dist/tex/generic/pgf/modules/pgfmoduleshapes.cod
e.tex
File: pgfmoduleshapes.code.tex 2014/03/21  (rcs-revision 1.35)
\pgfnodeparttextbox=\box47
)
(/usr/local/texlive/2018/texmf-dist/tex/generic/pgf/modules/pgfmoduleplot.code.
tex
File: pgfmoduleplot.code.tex 2015/08/03  (rcs-revision 1.13)
)
(/usr/local/texlive/2018/texmf-dist/tex/latex/pgf/compatibility/pgfcomp-version
-0-65.sty
Package: pgfcomp-version-0-65 2007/07/03 v3.0.1a (rcs-revision 1.7)
\pgf@nodesepstart=\dimen182
\pgf@nodesepend=\dimen183
)
(/usr/local/texlive/2018/texmf-dist/tex/latex/pgf/compatibility/pgfcomp-version
-1-18.sty
Package: pgfcomp-version-1-18 2007/07/23 v3.0.1a (rcs-revision 1.1)
))
(/usr/local/texlive/2018/texmf-dist/tex/latex/pgf/utilities/pgffor.sty
(/usr/local/texlive/2018/texmf-dist/tex/latex/pgf/utilities/pgfkeys.sty
(/usr/local/texlive/2018/texmf-dist/tex/generic/pgf/utilities/pgfkeys.code.tex)
) (/usr/local/texlive/2018/texmf-dist/tex/latex/pgf/math/pgfmath.sty
(/usr/local/texlive/2018/texmf-dist/tex/generic/pgf/math/pgfmath.code.tex))
(/usr/local/texlive/2018/texmf-dist/tex/generic/pgf/utilities/pgffor.code.tex
Package: pgffor 2013/12/13 v3.0.1a (rcs-revision 1.25)

(/usr/local/texlive/2018/texmf-dist/tex/generic/pgf/math/pgfmath.code.tex)
\pgffor@iter=\dimen184
\pgffor@skip=\dimen185
\pgffor@stack=\toks44
\pgffor@toks=\toks45
))
(/usr/local/texlive/2018/texmf-dist/tex/generic/pgf/frontendlayer/tikz/tikz.cod
e.tex
Package: tikz 2015/08/07 v3.0.1a (rcs-revision 1.151)

(/usr/local/texlive/2018/texmf-dist/tex/generic/pgf/libraries/pgflibraryplothan
dlers.code.tex
File: pgflibraryplothandlers.code.tex 2013/08/31 v3.0.1a (rcs-revision 1.20)
\pgf@plot@mark@count=\count131
\pgfplotmarksize=\dimen186
)
\tikz@lastx=\dimen187
\tikz@lasty=\dimen188
\tikz@lastxsaved=\dimen189
\tikz@lastysaved=\dimen190
\tikzleveldistance=\dimen191
\tikzsiblingdistance=\dimen192
\tikz@figbox=\box48
\tikz@figbox@bg=\box49
\tikz@tempbox=\box50
\tikz@tempbox@bg=\box51
\tikztreelevel=\count132
\tikznumberofchildren=\count133
\tikznumberofcurrentchild=\count134
\tikz@fig@count=\count135

(/usr/local/texlive/2018/texmf-dist/tex/generic/pgf/modules/pgfmodulematrix.cod
e.tex
File: pgfmodulematrix.code.tex 2013/09/17  (rcs-revision 1.8)
\pgfmatrixcurrentrow=\count136
\pgfmatrixcurrentcolumn=\count137
\pgf@matrix@numberofcolumns=\count138
)
\tikz@expandcount=\count139

(/usr/local/texlive/2018/texmf-dist/tex/generic/pgf/frontendlayer/tikz/librarie
s/tikzlibrarytopaths.code.tex
File: tikzlibrarytopaths.code.tex 2008/06/17 v3.0.1a (rcs-revision 1.2)
)))
(/usr/local/texlive/2018/texmf-dist/tex/generic/pgf/frontendlayer/tikz/librarie
s/tikzlibrarycalc.code.tex
File: tikzlibrarycalc.code.tex 2013/07/15 v3.0.1a (rcs-revision 1.9)
)
(/usr/local/texlive/2018/texmf-dist/tex/generic/pgf/frontendlayer/tikz/librarie
s/tikzlibrarydecorations.pathmorphing.code.tex
(/usr/local/texlive/2018/texmf-dist/tex/generic/pgf/frontendlayer/tikz/librarie
s/tikzlibrarydecorations.code.tex
(/usr/local/texlive/2018/texmf-dist/tex/generic/pgf/modules/pgfmoduledecoration
s.code.tex
\pgfdecoratedcompleteddistance=\dimen193
\pgfdecoratedremainingdistance=\dimen194
\pgfdecoratedinputsegmentcompleteddistance=\dimen195
\pgfdecoratedinputsegmentremainingdistance=\dimen196
\pgf@decorate@distancetomove=\dimen197
\pgf@decorate@repeatstate=\count140
\pgfdecorationsegmentamplitude=\dimen198
\pgfdecorationsegmentlength=\dimen199
)
\tikz@lib@dec@box=\box52
)
(/usr/local/texlive/2018/texmf-dist/tex/generic/pgf/libraries/decorations/pgfli
brarydecorations.pathmorphing.code.tex))
\highlight@previous=\dimen256
\highlight@current=\dimen257
) (./util/abbrev.tex))
(/usr/local/texlive/2018/texmf-dist/tex/latex/listings/listings.sty
\lst@mode=\count141
\lst@gtempboxa=\box53
\lst@token=\toks46
\lst@length=\count142
\lst@currlwidth=\dimen258
\lst@column=\count143
\lst@pos=\count144
\lst@lostspace=\dimen259
\lst@width=\dimen260
\lst@newlines=\count145
\lst@lineno=\count146
\lst@maxwidth=\dimen261

(/usr/local/texlive/2018/texmf-dist/tex/latex/listings/lstmisc.sty
File: lstmisc.sty 2015/06/04 1.6 (Carsten Heinz)
\c@lstnumber=\count147
\lst@skipnumbers=\count148
\lst@framebox=\box54
)
(/usr/local/texlive/2018/texmf-dist/tex/latex/listings/listings.cfg
File: listings.cfg 2015/06/04 1.6 listings configuration
))
Package: listings 2015/06/04 1.6 (Carsten Heinz)

(./alloy-style.sty)
(/usr/local/texlive/2018/texmf-dist/tex/latex/placeins/placeins.sty
Package: placeins 2005/04/18  v 2.2
)
(/usr/local/texlive/2018/texmf-dist/tex/latex/adjustbox/adjustbox.sty
Package: adjustbox 2018/04/08 v1.1 Adjusting TeX boxes (trim, clip, ...)

(/usr/local/texlive/2018/texmf-dist/tex/latex/xkeyval/xkeyval.sty
Package: xkeyval 2014/12/03 v2.7a package option processing (HA)

(/usr/local/texlive/2018/texmf-dist/tex/generic/xkeyval/xkeyval.tex
(/usr/local/texlive/2018/texmf-dist/tex/generic/xkeyval/xkvutils.tex
\XKV@toks=\toks47
\XKV@tempa@toks=\toks48
)
\XKV@depth=\count149
File: xkeyval.tex 2014/12/03 v2.7a key=value parser (HA)
))
(/usr/local/texlive/2018/texmf-dist/tex/latex/adjustbox/adjcalc.sty
Package: adjcalc 2012/05/16 v1.1 Provides advanced setlength with multiple back
-ends (calc, etex, pgfmath)
)
(/usr/local/texlive/2018/texmf-dist/tex/latex/adjustbox/trimclip.sty
Package: trimclip 2018/04/08 v1.1 Trim and clip general TeX material

(/usr/local/texlive/2018/texmf-dist/tex/latex/collectbox/collectbox.sty
Package: collectbox 2012/05/17 v0.4b Collect macro arguments as boxes
\collectedbox=\box55
)
\tc@llx=\dimen262
\tc@lly=\dimen263
\tc@urx=\dimen264
\tc@ury=\dimen265
Package trimclip Info: Using driver 'tc-pdftex.def'.

(/usr/local/texlive/2018/texmf-dist/tex/latex/adjustbox/tc-pdftex.def
File: tc-pdftex.def 2018/04/08 v2.1 Clipping driver for pdftex
))
\adjbox@Width=\dimen266
\adjbox@Height=\dimen267
\adjbox@Depth=\dimen268
\adjbox@Totalheight=\dimen269
\adjbox@pwidth=\dimen270
\adjbox@pheight=\dimen271
\adjbox@pdepth=\dimen272
\adjbox@ptotalheight=\dimen273

(/usr/local/texlive/2018/texmf-dist/tex/latex/ifoddpage/ifoddpage.sty
Package: ifoddpage 2016/04/23 v1.1 Conditionals for odd/even page detection
\c@checkoddpage=\count150
))
Package hyperref Info: Option `colorlinks' set `true' on input line 13.

(/usr/local/texlive/2018/texmf-dist/tex/latex/sectsty/sectsty.sty
Package: sectsty 2002/02/25 v2.0.2 Commands to change all sectional heading sty
les
)
(/usr/local/texlive/2018/texmf-dist/tex/generic/babel/babel.sty
Package: babel 2018/02/14 3.18 The Babel package

(/usr/local/texlive/2018/texmf-dist/tex/generic/babel/switch.def
File: switch.def 2018/02/14 3.18 Babel switching mechanism
)
(/usr/local/texlive/2018/texmf-dist/tex/generic/babel-english/english.ldf
Language: english 2017/06/06 v3.3r English support from the babel system

(/usr/local/texlive/2018/texmf-dist/tex/generic/babel/babel.def
File: babel.def 2018/02/14 3.18 Babel common definitions
\babel@savecnt=\count151
\U@D=\dimen274

(/usr/local/texlive/2018/texmf-dist/tex/generic/babel/txtbabel.def)
\bbl@dirlevel=\count152
)
\l@canadian = a dialect from \language\l@american 
\l@australian = a dialect from \language\l@british 
\l@newzealand = a dialect from \language\l@british 
))
(/usr/local/texlive/2018/texmf-dist/tex/latex/booktabs/booktabs.sty
Package: booktabs 2016/04/27 v1.618033 publication quality tables
\heavyrulewidth=\dimen275
\lightrulewidth=\dimen276
\cmidrulewidth=\dimen277
\belowrulesep=\dimen278
\belowbottomsep=\dimen279
\aboverulesep=\dimen280
\abovetopsep=\dimen281
\cmidrulesep=\dimen282
\cmidrulekern=\dimen283
\defaultaddspace=\dimen284
\@cmidla=\count153
\@cmidlb=\count154
\@aboverulesep=\dimen285
\@belowrulesep=\dimen286
\@thisruleclass=\count155
\@lastruleclass=\count156
\@thisrulewidth=\dimen287
)
(./main.aux)
\openout1 = `main.aux'.

LaTeX Font Info:    Checking defaults for OML/cmm/m/it on input line 27.
LaTeX Font Info:    ... okay on input line 27.
LaTeX Font Info:    Checking defaults for T1/cmr/m/n on input line 27.
LaTeX Font Info:    ... okay on input line 27.
LaTeX Font Info:    Checking defaults for OT1/cmr/m/n on input line 27.
LaTeX Font Info:    ... okay on input line 27.
LaTeX Font Info:    Checking defaults for OMS/cmsy/m/n on input line 27.
LaTeX Font Info:    ... okay on input line 27.
LaTeX Font Info:    Checking defaults for OMX/cmex/m/n on input line 27.
LaTeX Font Info:    ... okay on input line 27.
LaTeX Font Info:    Checking defaults for U/cmr/m/n on input line 27.
LaTeX Font Info:    ... okay on input line 27.
LaTeX Font Info:    Checking defaults for PD1/pdf/m/n on input line 27.
LaTeX Font Info:    ... okay on input line 27.
LaTeX Font Info:    Try loading font information for T1+ptm on input line 27.
 (/usr/local/texlive/2018/texmf-dist/tex/latex/psnfss/t1ptm.fd
File: t1ptm.fd 2001/06/04 font definitions for T1/ptm.
)
*geometry* driver: auto-detecting
*geometry* detected driver: pdftex
*geometry* verbose mode - [ preamble ] result:
* driver: pdftex
* paper: a4paper
* layout: <same size as paper>
* layoutoffset:(h,v)=(0.0pt,0.0pt)
* modes: twoside 
* h-part:(L,W,R)=(71.13188pt, 455.24411pt, 71.13188pt)
* v-part:(T,H,B)=(85.35826pt, 688.5567pt, 71.13188pt)
* \paperwidth=597.50787pt
* \paperheight=845.04684pt
* \textwidth=455.24411pt
* \textheight=688.5567pt
* \oddsidemargin=-1.1381pt
* \evensidemargin=-1.1381pt
* \topmargin=-18.82864pt
* \headheight=12.0pt
* \headsep=19.91692pt
* \topskip=11.0pt
* \footskip=30.0pt
* \marginparwidth=113.0pt
* \marginparsep=10.0pt
* \columnsep=10.0pt
* \skip\footins=10.0pt plus 4.0pt minus 2.0pt
* \hoffset=0.0pt
* \voffset=0.0pt
* \mag=1000
* \@twocolumnfalse
* \@twosidetrue
* \@mparswitchtrue
* \@reversemarginfalse
* (1in=72.27pt=25.4mm, 1cm=28.453pt)

(/usr/local/texlive/2018/texmf-dist/tex/context/base/mkii/supp-pdf.mkii
[Loading MPS to PDF converter (version 2006.09.02).]
\scratchcounter=\count157
\scratchdimen=\dimen288
\scratchbox=\box56
\nofMPsegments=\count158
\nofMParguments=\count159
\everyMPshowfont=\toks49
\MPscratchCnt=\count160
\MPscratchDim=\dimen289
\MPnumerator=\count161
\makeMPintoPDFobject=\count162
\everyMPtoPDFconversion=\toks50
) (/usr/local/texlive/2018/texmf-dist/tex/latex/oberdiek/epstopdf-base.sty
Package: epstopdf-base 2016/05/15 v2.6 Base part for package epstopdf

(/usr/local/texlive/2018/texmf-dist/tex/latex/oberdiek/grfext.sty
Package: grfext 2016/05/16 v1.2 Manage graphics extensions (HO)
)
Package epstopdf-base Info: Redefining graphics rule for `.eps' on input line 4
38.
Package grfext Info: Graphics extension search list:
(grfext)             [.pdf,.png,.jpg,.mps,.jpeg,.jbig2,.jb2,.PDF,.PNG,.JPG,.JPE
G,.JBIG2,.JB2,.eps]
(grfext)             \AppendGraphicsExtensions on input line 456.

(/usr/local/texlive/2018/texmf-dist/tex/latex/latexconfig/epstopdf-sys.cfg
File: epstopdf-sys.cfg 2010/07/13 v1.3 Configuration of (r)epstopdf for TeX Liv
e
))
Package caption Info: Begin \AtBeginDocument code.
Package caption Info: hyperref package is loaded.
Package caption Info: listings package is loaded.
Package caption Info: End \AtBeginDocument code.
\AtBeginShipoutBox=\box57
Package hyperref Info: Link coloring ON on input line 27.

(/usr/local/texlive/2018/texmf-dist/tex/latex/hyperref/nameref.sty
Package: nameref 2016/05/21 v2.44 Cross-referencing by name of section

(/usr/local/texlive/2018/texmf-dist/tex/generic/oberdiek/gettitlestring.sty
Package: gettitlestring 2016/05/16 v1.5 Cleanup title references (HO)
)
\c@section@level=\count163
)
LaTeX Info: Redefining \ref on input line 27.
LaTeX Info: Redefining \pageref on input line 27.
LaTeX Info: Redefining \nameref on input line 27.

(./main.out) (./main.out)
\@outlinefile=\write4
\openout4 = `main.out'.

 ABD: EveryShipout initializing macros
\c@lstlisting=\count164
LaTeX Font Info:    Font shape `T1/ptm/bx/n' in size <14.4> not available
(Font)              Font shape `T1/ptm/b/n' tried instead on input line 39.
<Images/Logo/logo.jpg, id=203, 602.25pt x 479.7925pt>
File: Images/Logo/logo.jpg Graphic file (type jpg)
<use Images/Logo/logo.jpg>
Package pdftex.def Info: Images/Logo/logo.jpg  used on input line 43.
(pdftex.def)             Requested size: 180.67639pt x 143.93884pt.
LaTeX Font Info:    Font shape `T1/ptm/bx/sc' in size <35> not available
(Font)              Font shape `T1/ptm/b/sc' tried instead on input line 46.
LaTeX Font Info:    Font shape `T1/ptm/bx/n' in size <25> not available
(Font)              Font shape `T1/ptm/b/n' tried instead on input line 48.
LaTeX Font Info:    Font shape `T1/ptm/bx/n' in size <17.28> not available
(Font)              Font shape `T1/ptm/b/n' tried instead on input line 52.
 [1

{/usr/local/texlive/2018/texmf-var/fonts/map/pdftex/updmap/pdftex.map} <./Image
s/Logo/logo.jpg>]
LaTeX Font Info:    Try loading font information for U+wasy on input line 61.
 (/usr/local/texlive/2018/texmf-dist/tex/latex/wasysym/uwasy.fd
File: uwasy.fd 2003/10/30 v2.0 Wasy-2 symbol font definitions
)
LaTeX Font Info:    Try loading font information for U+msa on input line 61.

(/usr/local/texlive/2018/texmf-dist/tex/latex/amsfonts/umsa.fd
File: umsa.fd 2013/01/14 v3.01 AMS symbols A
)
LaTeX Font Info:    Try loading font information for U+msb on input line 61.

(/usr/local/texlive/2018/texmf-dist/tex/latex/amsfonts/umsb.fd
File: umsb.fd 2013/01/14 v3.01 AMS symbols B
)
(/usr/local/texlive/2018/texmf-dist/tex/latex/psnfss/omsptm.fd)
LaTeX Font Info:    Font shape `OMS/ptm/m/n' in size <10> not available
(Font)              Font shape `OMS/cmsy/m/n' tried instead on input line 82.
 [2]
LaTeX Font Info:    Font shape `T1/ptm/bx/n' in size <20.74> not available
(Font)              Font shape `T1/ptm/b/n' tried instead on input line 84.
 (./main.toc [3])
\tf@toc=\write5
\openout5 = `main.toc'.

 [4] (./main.lof)
\tf@lof=\write6
\openout6 = `main.lof'.

 (./main.lot [5])
\tf@lot=\write7
\openout7 = `main.lot'.

 [6] (./Files/introduction.tex
LaTeX Font Info:    Font shape `T1/ptm/bx/n' in size <12> not available
(Font)              Font shape `T1/ptm/b/n' tried instead on input line 1.
<Images/WordPhen.png, id=388, 548.0475pt x 237.13594pt>
File: Images/WordPhen.png Graphic file (type png)
<use Images/WordPhen.png>
Package pdftex.def Info: Images/WordPhen.png  used on input line 54.
(pdftex.def)             Requested size: 438.4386pt x 189.709pt.
 [7

]
[8 <./Images/WordPhen.png>]
Underfull \hbox (badness 2990) in paragraph at lines 86--86
[]|\T1/ptm/m/n/10.95 Modified Prod-uct Func-tions, re-quire-ments,
 []


Underfull \hbox (badness 2680) in paragraph at lines 87--87
[]|\T1/ptm/m/n/10.95 Modified re-quire-ments, mock-ups, prod-uct
 []


Overfull \hbox (25.52461pt too wide) in paragraph at lines 81--89
[][] 
 []


Overfull \hbox (25.52461pt too wide) in paragraph at lines 93--102
[][] 
 []

[9]
Underfull \hbox (badness 3965) in paragraph at lines 117--117
[]|\T1/ptm/b/n/10.95 3. Spe-cific Re-quire-
 []

[10

]) (./Files/overview.tex
<Images/Class_Data4Help.png, id=416, 978.65625pt x 737.75626pt>
File: Images/Class_Data4Help.png Graphic file (type png)
<use Images/Class_Data4Help.png>
Package pdftex.def Info: Images/Class_Data4Help.png  used on input line 6.
(pdftex.def)             Requested size: 440.39125pt x 331.98724pt.
<Images/Class_AutoSOS.png, id=417, 447.17062pt x 361.35pt>
File: Images/Class_AutoSOS.png Graphic file (type png)
<use Images/Class_AutoSOS.png>
Package pdftex.def Info: Images/Class_AutoSOS.png  used on input line 13.
(pdftex.def)             Requested size: 214.63945pt x 173.44603pt.
<Images/Class_Track4Run.png, id=419, 579.66562pt x 531.48563pt>
File: Images/Class_Track4Run.png Graphic file (type png)
<use Images/Class_Track4Run.png>
Package pdftex.def Info: Images/Class_Track4Run.png  used on input line 21.
(pdftex.def)             Requested size: 405.76317pt x 372.0374pt.
<Images/StateChart.png, id=420, 915.42pt x 391.4625pt>
File: Images/StateChart.png Graphic file (type png)
<use Images/StateChart.png>
Package pdftex.def Info: Images/StateChart.png  used on input line 27.
(pdftex.def)             Requested size: 457.70888pt x 195.73076pt.

Overfull \hbox (2.46477pt too wide) in paragraph at lines 27--28
 [][] 
 []


Overfull \hbox (17.0pt too wide) in paragraph at lines 17--31
[]$[]$ 
 []

[11



 <./Images/Class_Data4Help.png (PNG copy)> <./Images/Class_AutoSOS.png>]
Underfull \vbox (badness 10000) has occurred while \output is active []

 [12 <./Images/Class_Track4Run.png> <./Images/StateChart.png>] [13] [14]) [15]
(./Files/requirements.tex
<Images/Mockups/Grouprequest.jpg, id=477, 1367.1075pt x 798.985pt>
File: Images/Mockups/Grouprequest.jpg Graphic file (type jpg)
<use Images/Mockups/Grouprequest.jpg>
Package pdftex.def Info: Images/Mockups/Grouprequest.jpg  used on input line 15
.
(pdftex.def)             Requested size: 410.13542pt x 239.69734pt.

Underfull \hbox (badness 10000) in paragraph at lines 10--17

 []

<Images/Mockups/IndividualRequest.jpg, id=478, 1367.1075pt x 798.985pt>
File: Images/Mockups/IndividualRequest.jpg Graphic file (type jpg)
<use Images/Mockups/IndividualRequest.jpg>
Package pdftex.def Info: Images/Mockups/IndividualRequest.jpg  used on input li
ne 20.
(pdftex.def)             Requested size: 410.13542pt x 239.69734pt.
[16

 <./Images/Mockups/Grouprequest.jpg>]
<Images/Mockups/AutomatedSOSMockup1.png, id=483, 611.28375pt x 914.41624pt>
File: Images/Mockups/AutomatedSOSMockup1.png Graphic file (type png)
<use Images/Mockups/AutomatedSOSMockup1.png>
Package pdftex.def Info: Images/Mockups/AutomatedSOSMockup1.png  used on input 
line 32.
(pdftex.def)             Requested size: 176.88531pt x 264.6107pt.
<Images/Mockups/AutomatedSOSMockup6.png, id=484, 605.26125pt x 916.42375pt>
File: Images/Mockups/AutomatedSOSMockup6.png Graphic file (type png)
<use Images/Mockups/AutomatedSOSMockup6.png>
Package pdftex.def Info: Images/Mockups/AutomatedSOSMockup6.png  used on input 
line 38.
(pdftex.def)             Requested size: 174.76395pt x 264.6107pt.
<Images/Mockups/AutomatedSOSMockup2.png, id=485, 622.325pt x 913.4125pt>
File: Images/Mockups/AutomatedSOSMockup2.png Graphic file (type png)
<use Images/Mockups/AutomatedSOSMockup2.png>
Package pdftex.def Info: Images/Mockups/AutomatedSOSMockup2.png  used on input 
line 47.
(pdftex.def)             Requested size: 184.15404pt x 270.30118pt.

Overfull \hbox (2.05917pt too wide) in paragraph at lines 47--48
 [][] 
 []

<Images/Mockups/AutomatedSOSMockup4.png, id=486, 609.27625pt x 913.4125pt>
File: Images/Mockups/AutomatedSOSMockup4.png Graphic file (type png)
<use Images/Mockups/AutomatedSOSMockup4.png>
Package pdftex.def Info: Images/Mockups/AutomatedSOSMockup4.png  used on input 
line 53.
(pdftex.def)             Requested size: 180.29274pt x 270.30118pt.
<Images/Mockups/AutomatedSOSMockup5.png, id=487, 611.28375pt x 912.40875pt>
File: Images/Mockups/AutomatedSOSMockup5.png Graphic file (type png)
<use Images/Mockups/AutomatedSOSMockup5.png>
Package pdftex.def Info: Images/Mockups/AutomatedSOSMockup5.png  used on input 
line 62.
(pdftex.def)             Requested size: 181.092pt x 270.30118pt.

Overfull \hbox (21.75378pt too wide) in paragraph at lines 62--63
 [][] 
 []

<Images/Mockups/AutomatedSOSMockup7.png, id=488, 612.2875pt x 914.41624pt>
File: Images/Mockups/AutomatedSOSMockup7.png Graphic file (type png)
<use Images/Mockups/AutomatedSOSMockup7.png>
Package pdftex.def Info: Images/Mockups/AutomatedSOSMockup7.png  used on input 
line 68.
(pdftex.def)             Requested size: 180.98761pt x 270.30118pt.
[17 <./Images/Mockups/IndividualRequest.jpg> <./Images/Mockups/AutomatedSOSMock
up1.png> <./Images/Mockups/AutomatedSOSMockup6.png>] [18 <./Images/Mockups/Auto
matedSOSMockup2.png> <./Images/Mockups/AutomatedSOSMockup4.png> <./Images/Mocku
ps/AutomatedSOSMockup5.png> <./Images/Mockups/AutomatedSOSMockup7.png>]
<Images/Mockups/Track4RunMockup1.jpg, id=503, 792.9625pt x 1368.11125pt>
File: Images/Mockups/Track4RunMockup1.jpg Graphic file (type jpg)
<use Images/Mockups/Track4RunMockup1.jpg>
Package pdftex.def Info: Images/Mockups/Track4RunMockup1.jpg  used on input lin
e 87.
(pdftex.def)             Requested size: 171.49997pt x 295.90848pt.
<Images/Mockups/Track4RunMockup4.jpg, id=504, 784.9325pt x 1369.115pt>
File: Images/Mockups/Track4RunMockup4.jpg Graphic file (type jpg)
<use Images/Mockups/Track4RunMockup4.jpg>
Package pdftex.def Info: Images/Mockups/Track4RunMockup4.jpg  used on input lin
e 93.
(pdftex.def)             Requested size: 169.6435pt x 295.90848pt.

Underfull \hbox (badness 10000) in paragraph at lines 80--97

 []

[19 <./Images/Mockups/Track4RunMockup1.jpg> <./Images/Mockups/Track4RunMockup4.
jpg>]
<Images/Mockups/Track4RunMockup2.jpg, id=510, 792.9625pt x 1368.11125pt>
File: Images/Mockups/Track4RunMockup2.jpg Graphic file (type jpg)
<use Images/Mockups/Track4RunMockup2.jpg>
Package pdftex.def Info: Images/Mockups/Track4RunMockup2.jpg  used on input lin
e 103.
(pdftex.def)             Requested size: 171.49997pt x 295.90848pt.
<Images/Mockups/Track4RunMockup3.jpg, id=511, 792.9625pt x 1368.11125pt>
File: Images/Mockups/Track4RunMockup3.jpg Graphic file (type jpg)
<use Images/Mockups/Track4RunMockup3.jpg>
Package pdftex.def Info: Images/Mockups/Track4RunMockup3.jpg  used on input lin
e 109.
(pdftex.def)             Requested size: 171.49997pt x 295.90848pt.
<Images/Mockups/Track4RunMockup5.jpg, id=512, 784.9325pt x 1371.1225pt>
File: Images/Mockups/Track4RunMockup5.jpg Graphic file (type jpg)
<use Images/Mockups/Track4RunMockup5.jpg>
Package pdftex.def Info: Images/Mockups/Track4RunMockup5.jpg  used on input lin
e 118.
(pdftex.def)             Requested size: 169.39198pt x 295.90848pt.
<Images/Mockups/Track4RunMockup6.jpg, id=513, 783.92876pt x 1365.1pt>
File: Images/Mockups/Track4RunMockup6.jpg Graphic file (type jpg)
<use Images/Mockups/Track4RunMockup6.jpg>
Package pdftex.def Info: Images/Mockups/Track4RunMockup6.jpg  used on input lin
e 124.
(pdftex.def)             Requested size: 169.92896pt x 295.90848pt.
<Images/Mockups/Track4RunMockup7.jpg, id=514, 783.92876pt x 1365.1pt>
File: Images/Mockups/Track4RunMockup7.jpg Graphic file (type jpg)
<use Images/Mockups/Track4RunMockup7.jpg>
Package pdftex.def Info: Images/Mockups/Track4RunMockup7.jpg  used on input lin
e 133.
(pdftex.def)             Requested size: 169.92896pt x 295.90848pt.
<Images/Mockups/Track4RunMockup8.jpg, id=515, 789.95125pt x 1367.1075pt>
File: Images/Mockups/Track4RunMockup8.jpg Graphic file (type jpg)
<use Images/Mockups/Track4RunMockup8.jpg>
Package pdftex.def Info: Images/Mockups/Track4RunMockup8.jpg  used on input lin
e 139.
(pdftex.def)             Requested size: 170.9813pt x 295.90848pt.
 [20

 <./Images/Mockups/Track4RunMockup2.jpg> <./Images/Mockups/Track4RunMockup3.jpg
> <./Images/Mockups/Track4RunMockup5.jpg> <./Images/Mockups/Track4RunMockup6.jp
g>] [21 <./Images/Mockups/Track4RunMockup7.jpg> <./Images/Mockups/Track4RunMock
up8.jpg>]
Overfull \hbox (1.8154pt too wide) in paragraph at lines 170--171
[]\T1/ptm/m/n/10.95 User's in-for-ma-tion are col-lected from part-ner ap-pli-c
a-tions or from the other two TrackMe
 []


Overfull \hbox (1.67278pt too wide) in paragraph at lines 172--173
[]\T1/ptm/m/n/10.95 The iden-ti-fi-ca-tion (fis-cal code, so-cial se-cu-rity nu
m-ber) and the sec-ondary data (at-tributes)
 []

[22]
Overfull \hbox (14.38644pt too wide) in paragraph at lines 210--211
[]\T1/ptm/m/n/10.95 Security num-ber and fis-cal code are not in-for-ma-tion gi
ven to third par-ties by Data4Help. 
 []

[23]
Overfull \hbox (1.76074pt too wide) in paragraph at lines 255--257
[]\T1/ptm/b/n/10.95 Send an am-bu-lance to user's lo-ca-tion when-ever cer-tain
 pa-ram-e-ters are be-low the thresh-
 []

[24] [25]
<Images/UseCaseDiagrams/Data4HelpUseCaseDiagram.png, id=541, 691.1421pt x 682.7
106pt>
File: Images/UseCaseDiagrams/Data4HelpUseCaseDiagram.png Graphic file (type png
)
<use Images/UseCaseDiagrams/Data4HelpUseCaseDiagram.png>
Package pdftex.def Info: Images/UseCaseDiagrams/Data4HelpUseCaseDiagram.png  us
ed on input line 328.
(pdftex.def)             Requested size: 449.23705pt x 443.75662pt.

Underfull \hbox (badness 10000) in paragraph at lines 324--330

 []


Overfull \hbox (27.37506pt too wide) in paragraph at lines 322--333
$[]$ 
 []

[26

 <./Images/UseCaseDiagrams/Data4HelpUseCaseDiagram.png>]
<Images/UseCaseDiagrams/AutomatedSOSCaseDiagram.png, id=547, 727.0362pt x 363.5
181pt>
File: Images/UseCaseDiagrams/AutomatedSOSCaseDiagram.png Graphic file (type png
)
<use Images/UseCaseDiagrams/AutomatedSOSCaseDiagram.png>
Package pdftex.def Info: Images/UseCaseDiagrams/AutomatedSOSCaseDiagram.png  us
ed on input line 341.
(pdftex.def)             Requested size: 472.56793pt x 236.28397pt.

Overfull \hbox (17.32382pt too wide) in paragraph at lines 341--342
 [][] 
 []


Overfull \hbox (27.37506pt too wide) in paragraph at lines 336--346
[]$[]$ 
 []

<Images/UseCaseDiagrams/Track4RunCaseDiagram.png, id=548, 691.6239pt x 416.757p
t>
File: Images/UseCaseDiagrams/Track4RunCaseDiagram.png Graphic file (type png)
<use Images/UseCaseDiagrams/Track4RunCaseDiagram.png>
Package pdftex.def Info: Images/UseCaseDiagrams/Track4RunCaseDiagram.png  used 
on input line 352.
(pdftex.def)             Requested size: 484.13344pt x 291.7279pt.

Overfull \hbox (28.88933pt too wide) in paragraph at lines 352--353
 [][] 
 []


Overfull \hbox (27.37506pt too wide) in paragraph at lines 347--357
[]$[]$ 
 []

[27

 <./Images/UseCaseDiagrams/AutomatedSOSCaseDiagram.png> <./Images/UseCaseDiagra
ms/Track4RunCaseDiagram.png>]
Overfull \hbox (8.12813pt too wide) in paragraph at lines 366--383
[][] 
 []


Overfull \hbox (8.12813pt too wide) in paragraph at lines 389--405
[][] 
 []


LaTeX Warning: `h' float specifier changed to `ht'.

[28

]
Overfull \hbox (8.12813pt too wide) in paragraph at lines 411--430
[][] 
 []


LaTeX Warning: `h' float specifier changed to `ht'.

[29]
Overfull \hbox (8.12813pt too wide) in paragraph at lines 436--458
[][] 
 []

[30

]
Overfull \hbox (8.12813pt too wide) in paragraph at lines 466--484
[][] 
 []


Overfull \hbox (8.12813pt too wide) in paragraph at lines 490--508
[][] 
 []


LaTeX Warning: `h' float specifier changed to `ht'.

[31

]
Overfull \hbox (8.12813pt too wide) in paragraph at lines 515--528
[][] 
 []


LaTeX Warning: `h' float specifier changed to `ht'.

[32]
Overfull \hbox (8.12813pt too wide) in paragraph at lines 536--555
[][] 
 []


Overfull \hbox (8.12813pt too wide) in paragraph at lines 561--577
[][] 
 []


LaTeX Warning: `h' float specifier changed to `ht'.

[33

]
Overfull \hbox (8.12813pt too wide) in paragraph at lines 583--598
[][] 
 []


Overfull \hbox (8.12813pt too wide) in paragraph at lines 604--621
[][] 
 []


LaTeX Warning: `h' float specifier changed to `ht'.

[34]
Overfull \hbox (8.12813pt too wide) in paragraph at lines 627--649
[][] 
 []


LaTeX Warning: `h' float specifier changed to `ht'.

[35]
Overfull \hbox (8.12813pt too wide) in paragraph at lines 656--675
[][] 
 []


Overfull \hbox (8.12813pt too wide) in paragraph at lines 681--697
[][] 
 []


LaTeX Warning: `h' float specifier changed to `ht'.

[36

]
Overfull \hbox (8.12813pt too wide) in paragraph at lines 703--719
[][] 
 []


Overfull \hbox (8.12813pt too wide) in paragraph at lines 725--742
[][] 
 []


LaTeX Warning: `h' float specifier changed to `ht'.

[37]
Overfull \hbox (8.12813pt too wide) in paragraph at lines 748--763
[][] 
 []

[38]
<Images/Seq_Data4Help_onDem.png, id=687, 540.51938pt x 425.33907pt>
File: Images/Seq_Data4Help_onDem.png Graphic file (type png)
<use Images/Seq_Data4Help_onDem.png>
Package pdftex.def Info: Images/Seq_Data4Help_onDem.png  used on input line 780
.
(pdftex.def)             Requested size: 405.38853pt x 319.00351pt.
<Images/Seq_Data4Help_autoUp.png, id=688, 417.05812pt x 274.77657pt>
File: Images/Seq_Data4Help_autoUp.png Graphic file (type png)
<use Images/Seq_Data4Help_autoUp.png>
Package pdftex.def Info: Images/Seq_Data4Help_autoUp.png  used on input line 78
6.
(pdftex.def)             Requested size: 312.79282pt x 206.08191pt.
 [39

 <./Images/Seq_Data4Help_onDem.png> <./Images/Seq_Data4Help_autoUp.png>]
<Images/Seq_Data4Help_live.png, id=693, 635.37375pt x 477.28313pt>
File: Images/Seq_Data4Help_live.png Graphic file (type png)
<use Images/Seq_Data4Help_live.png>
Package pdftex.def Info: Images/Seq_Data4Help_live.png  used on input line 794.

(pdftex.def)             Requested size: 425.6982pt x 319.77803pt.
<Images/Seq_Data4Help_registration.png, id=694, 473.51906pt x 410.2828pt>
File: Images/Seq_Data4Help_registration.png Graphic file (type png)
<use Images/Seq_Data4Help_registration.png>
Package pdftex.def Info: Images/Seq_Data4Help_registration.png  used on input l
ine 799.
(pdftex.def)             Requested size: 317.2561pt x 274.88805pt.
<Images/Seq_AutoSOS_monitor.png, id=695, 447.17062pt x 440.39531pt>
File: Images/Seq_AutoSOS_monitor.png Graphic file (type png)
<use Images/Seq_AutoSOS_monitor.png>
Package pdftex.def Info: Images/Seq_AutoSOS_monitor.png  used on input line 807
.
(pdftex.def)             Requested size: 321.9626pt x 317.08437pt.
 [40 <./Images/Seq_Data4Help_live.png> <./Images/Seq_Data4Help_registration.png
>]
<Images/Seq_Track4Run_raceUp.png, id=700, 545.78906pt x 350.05782pt>
File: Images/Seq_Track4Run_raceUp.png Graphic file (type png)
<use Images/Seq_Track4Run_raceUp.png>
Package pdftex.def Info: Images/Seq_Track4Run_raceUp.png  used on input line 81
5.
(pdftex.def)             Requested size: 392.96782pt x 252.04143pt.
 [41 <./Images/Seq_AutoSOS_monitor.png> <./Images/Seq_Track4Run_raceUp.png>] [4
2]) [43] (./Files/alloy.tex
Package hyperref Info: bookmark level for unknown lstlisting defaults to 0 on i
nput line 7.
LaTeX Font Info:    Try loading font information for T1+lmtt on input line 7.

(/usr/local/texlive/2018/texmf-dist/tex/latex/lm/t1lmtt.fd
File: t1lmtt.fd 2009/10/30 v1.6 Font defs for Latin Modern
)
(./Files/alloyCode.als
LaTeX Font Info:    Font shape `T1/lmtt/bx/n' in size <8> not available
(Font)              Font shape `T1/lmtt/b/n' tried instead on input line 1.
 [44

]
Underfull \vbox (badness 10000) has occurred while \output is active []

 [45]
Underfull \vbox (badness 10000) has occurred while \output is active []

 [46]
Underfull \vbox (badness 10000) has occurred while \output is active []

 [47])
<Images/alloyResult.png, id=986, 746.79pt x 439.6425pt>
File: Images/alloyResult.png Graphic file (type png)
<use Images/alloyResult.png>
Package pdftex.def Info: Images/alloyResult.png  used on input line 11.
(pdftex.def)             Requested size: 373.39407pt x 219.82071pt.

Underfull \vbox (badness 10000) has occurred while \output is active []

 [48]
[49 <./Images/alloyResult.png>]
<Images/alloyGeneratedWorld.png, id=1045, 1339.0025pt x 693.59125pt>
File: Images/alloyGeneratedWorld.png Graphic file (type png)
<use Images/alloyGeneratedWorld.png>
Package pdftex.def Info: Images/alloyGeneratedWorld.png  used on input line 18.

(pdftex.def)             Requested size: 629.33127pt x 325.98793pt.
) [50

 <./Images/alloyGeneratedWorld.png>]
(./Files/effort.tex

Package hyperref Warning: Difference (2) between bookmark levels is greater 
(hyperref)                than one, level fixed on input line 5.

[51

] [52

]) [53

] (./Files/reference.tex) [54

]
Package atveryend Info: Empty hook `BeforeClearDocument' on input line 129.
Package atveryend Info: Empty hook `AfterLastShipout' on input line 129.
 (./main.aux)
Package atveryend Info: Executing hook `AtVeryEndDocument' on input line 129.
Package atveryend Info: Executing hook `AtEndAfterFileList' on input line 129.
Package rerunfilecheck Info: File `main.out' has not changed.
(rerunfilecheck)             Checksum: 986E4891A37144788ADD80A3E48141CA;3461.
Package atveryend Info: Empty hook `AtVeryVeryEnd' on input line 129.
 ) 
Here is how much of TeX's memory you used:
 23948 strings out of 492649
 429889 string characters out of 6129622
 717463 words of memory out of 5000000
 26708 multiletter control sequences out of 15000+600000
 59393 words of font info for 76 fonts, out of 8000000 for 9000
 1141 hyphenation exceptions out of 8191
 59i,21n,77p,862b,2032s stack positions out of 5000i,500n,10000p,200000b,80000s
{/usr/local/texlive/2018/texmf-dist/fonts/enc/dvips/lm/lm-ec.enc}{/usr/local/
texlive/2018/texmf-dist/fonts/enc/dvips/base/8r.enc}</usr/local/texlive/2018/te
xmf-dist/fonts/type1/public/amsfonts/cm/cmmi8.pfb></usr/local/texlive/2018/texm
f-dist/fonts/type1/public/amsfonts/cm/cmr8.pfb></usr/local/texlive/2018/texmf-d
ist/fonts/type1/public/amsfonts/cm/cmsy10.pfb></usr/local/texlive/2018/texmf-di
st/fonts/type1/public/amsfonts/cm/cmsy8.pfb></usr/local/texlive/2018/texmf-dist
/fonts/type1/public/lm/lmtk10.pfb></usr/local/texlive/2018/texmf-dist/fonts/typ
e1/public/lm/lmtt10.pfb></usr/local/texlive/2018/texmf-dist/fonts/type1/public/
lm/lmtt8.pfb></usr/local/texlive/2018/texmf-dist/fonts/type1/public/lm/lmtti10.
pfb></usr/local/texlive/2018/texmf-dist/fonts/type1/urw/times/utmb8a.pfb></usr/
local/texlive/2018/texmf-dist/fonts/type1/urw/times/utmr8a.pfb></usr/local/texl
ive/2018/texmf-dist/fonts/type1/urw/times/utmri8a.pfb>
Output written on main.pdf (54 pages, 3672989 bytes).
PDF statistics:
 1231 PDF objects out of 1440 (max. 8388607)
 1106 compressed objects within 12 object streams
 574 named destinations out of 1000 (max. 500000)
 570 words of extra memory for PDF output out of 10000 (max. 10000000)

