\BOOKMARK [1][-]{table.caption.2}{Table of Contents}{}% 1
\BOOKMARK [1][-]{section.1}{Introduction}{}% 2
\BOOKMARK [2][-]{subsection.1.1}{Purpose}{section.1}% 3
\BOOKMARK [2][-]{subsection.1.2}{Scope}{section.1}% 4
\BOOKMARK [3][-]{subsubsection.1.2.1}{Goals}{subsection.1.2}% 5
\BOOKMARK [3][-]{subsubsection.1.2.2}{World Phenomena}{subsection.1.2}% 6
\BOOKMARK [2][-]{subsection.1.3}{Definitions, Acronyms, Abbreviations}{section.1}% 7
\BOOKMARK [2][-]{subsection.1.4}{Revision History}{section.1}% 8
\BOOKMARK [2][-]{subsection.1.5}{Document Structure}{section.1}% 9
\BOOKMARK [1][-]{section.2}{Overall Description}{}% 10
\BOOKMARK [2][-]{subsection.2.1}{Product perspective}{section.2}% 11
\BOOKMARK [2][-]{subsection.2.2}{Product functions}{section.2}% 12
\BOOKMARK [3][-]{subsubsection.2.2.1}{Data4Help - Providing data to third parties }{subsection.2.2}% 13
\BOOKMARK [3][-]{subsubsection.2.2.2}{AutomatedSOS - Sending ambulance request in critical situation}{subsection.2.2}% 14
\BOOKMARK [3][-]{subsubsection.2.2.3}{Track4Run - Run management}{subsection.2.2}% 15
\BOOKMARK [2][-]{subsection.2.3}{User characteristics}{section.2}% 16
\BOOKMARK [2][-]{subsection.2.4}{Assumptions, dependencies and constraints}{section.2}% 17
\BOOKMARK [3][-]{subsubsection.2.4.1}{Text Assumptions}{subsection.2.4}% 18
\BOOKMARK [3][-]{subsubsection.2.4.2}{Domain Assumptions}{subsection.2.4}% 19
\BOOKMARK [1][-]{section.3}{Specific Requirements}{}% 20
\BOOKMARK [2][-]{subsection.3.1}{External Interface Requirements}{section.3}% 21
\BOOKMARK [3][-]{subsubsection.3.1.1}{User Interfaces}{subsection.3.1}% 22
\BOOKMARK [3][-]{subsubsection.3.1.2}{Hardware and Software Interfaces}{subsection.3.1}% 23
\BOOKMARK [3][-]{subsubsection.3.1.3}{Communication Interfaces}{subsection.3.1}% 24
\BOOKMARK [2][-]{subsection.3.2}{Scenarios}{section.3}% 25
\BOOKMARK [2][-]{subsection.3.3}{Functional Requirements}{section.3}% 26
\BOOKMARK [3][-]{subsubsection.3.3.1}{Use Case Diagram}{subsection.3.3}% 27
\BOOKMARK [3][-]{subsubsection.3.3.2}{Use Cases}{subsection.3.3}% 28
\BOOKMARK [2][-]{subsection.3.4}{Sequence Diagram}{section.3}% 29
\BOOKMARK [2][-]{subsection.3.5}{Performance Requirements}{section.3}% 30
\BOOKMARK [2][-]{subsection.3.6}{Design Constraints}{section.3}% 31
\BOOKMARK [3][-]{subsubsection.3.6.1}{Standards compliance}{subsection.3.6}% 32
\BOOKMARK [3][-]{subsubsection.3.6.2}{Hardware limitations}{subsection.3.6}% 33
\BOOKMARK [2][-]{subsection.3.7}{Software System Attributes}{section.3}% 34
\BOOKMARK [3][-]{subsubsection.3.7.1}{Reliability}{subsection.3.7}% 35
\BOOKMARK [3][-]{subsubsection.3.7.2}{Availability}{subsection.3.7}% 36
\BOOKMARK [3][-]{subsubsection.3.7.3}{Security}{subsection.3.7}% 37
\BOOKMARK [3][-]{subsubsection.3.7.4}{Maintainability}{subsection.3.7}% 38
\BOOKMARK [3][-]{subsubsection.3.7.5}{Portability}{subsection.3.7}% 39
\BOOKMARK [1][-]{section.4}{Formal Analysis Using Alloy}{}% 40
\BOOKMARK [2][-]{subsection.4.1}{Code}{section.4}% 41
\BOOKMARK [2][-]{subsection.4.2}{Results}{section.4}% 42
\BOOKMARK [2][-]{subsection.4.3}{Generated World}{section.4}% 43
\BOOKMARK [1][-]{section.5}{Effort Spent}{}% 44
\BOOKMARK [2][-]{subsubsection.5.0.1}{Luca Alessandrelli}{section.5}% 45
\BOOKMARK [3][-]{subsubsection.5.0.2}{Andrea Caraffa}{subsubsection.5.0.1}% 46
\BOOKMARK [3][-]{subsubsection.5.0.3}{Andrea Bionda}{subsubsection.5.0.1}% 47
\BOOKMARK [1][-]{section.6}{Reference Documents}{}% 48
