\BOOKMARK [1][-]{table.caption.2}{Table of Contents}{}% 1
\BOOKMARK [1][-]{section.1}{Introduction}{}% 2
\BOOKMARK [2][-]{subsection.1.1}{Purpose}{section.1}% 3
\BOOKMARK [2][-]{subsection.1.2}{Scope}{section.1}% 4
\BOOKMARK [2][-]{subsection.1.3}{Definitions, Acronyms, Abbreviations}{section.1}% 5
\BOOKMARK [2][-]{subsection.1.4}{Revision History}{section.1}% 6
\BOOKMARK [2][-]{subsection.1.5}{Document Structure}{section.1}% 7
\BOOKMARK [1][-]{section.2}{Architectural Design}{}% 8
\BOOKMARK [2][-]{subsection.2.1}{Overview}{section.2}% 9
\BOOKMARK [2][-]{subsection.2.2}{Component View}{section.2}% 10
\BOOKMARK [3][-]{subsubsection.2.2.1}{Component Diagram}{subsection.2.2}% 11
\BOOKMARK [3][-]{subsubsection.2.2.2}{Entity Relationship Diagram}{subsection.2.2}% 12
\BOOKMARK [2][-]{subsection.2.3}{Deployment View}{section.2}% 13
\BOOKMARK [2][-]{subsection.2.4}{Runtime View}{section.2}% 14
\BOOKMARK [3][-]{subsubsection.2.4.1}{Individual Information Request}{subsection.2.4}% 15
\BOOKMARK [3][-]{subsubsection.2.4.2}{Send Ambulance Request}{subsection.2.4}% 16
\BOOKMARK [3][-]{subsubsection.2.4.3}{Spectate to a Run}{subsection.2.4}% 17
\BOOKMARK [2][-]{subsection.2.5}{Component Interfaces}{section.2}% 18
\BOOKMARK [2][-]{subsection.2.6}{Selected Architectural Styles and Patterns}{section.2}% 19
\BOOKMARK [2][-]{subsection.2.7}{Other Design Decisions}{section.2}% 20
\BOOKMARK [1][-]{section.3}{User Interface Design}{}% 21
\BOOKMARK [1][-]{section.4}{Requirements Traceability}{}% 22
\BOOKMARK [1][-]{section.5}{Implementation, Integration and Test Plan}{}% 23
\BOOKMARK [2][-]{subsection.5.1}{Implementation Plan}{section.5}% 24
\BOOKMARK [1][-]{section.6}{Effort Spent}{}% 25
\BOOKMARK [2][-]{subsubsection.6.0.1}{Luca Alessandrelli}{section.6}% 26
\BOOKMARK [3][-]{subsubsection.6.0.2}{Andrea Caraffa}{subsubsection.6.0.1}% 27
\BOOKMARK [3][-]{subsubsection.6.0.3}{Andrea Bionda}{subsubsection.6.0.1}% 28
\BOOKMARK [1][-]{section.7}{Reference Documents}{}% 29
