This is pdfTeX, Version 3.14159265-2.6-1.40.19 (MiKTeX 2.9.6840 64-bit) (preloaded format=pdflatex 2018.10.26)  7 DEC 2018 18:12
entering extended mode
**./main.tex
(main.tex
LaTeX2e <2018-04-01> patch level 5
(commandsFile.tex
("C:\Users\ERTY\AppData\Local\Programs\MiKTeX 2.9\tex\latex\base\article.cls"
Document Class: article 2014/09/29 v1.4h Standard LaTeX document class
("C:\Users\ERTY\AppData\Local\Programs\MiKTeX 2.9\tex\latex\base\size11.clo"
File: size11.clo 2014/09/29 v1.4h Standard LaTeX file (size option)
)
\c@part=\count80
\c@section=\count81
\c@subsection=\count82
\c@subsubsection=\count83
\c@paragraph=\count84
\c@subparagraph=\count85
\c@figure=\count86
\c@table=\count87
\abovecaptionskip=\skip41
\belowcaptionskip=\skip42
\bibindent=\dimen102
)
("C:\Users\ERTY\AppData\Local\Programs\MiKTeX 2.9\tex\latex\base\inputenc.sty"
Package: inputenc 2018/04/06 v1.3b Input encoding file
\inpenc@prehook=\toks14
\inpenc@posthook=\toks15
) ("C:\Users\ERTY\AppData\Local\Programs\MiKTeX 2.9\tex\latex\base\fontenc.sty"
Package: fontenc 2017/04/05 v2.0i Standard LaTeX package

("C:\Users\ERTY\AppData\Local\Programs\MiKTeX 2.9\tex\latex\base\t1enc.def"
File: t1enc.def 2017/04/05 v2.0i Standard LaTeX file
LaTeX Font Info:    Redeclaring font encoding T1 on input line 48.
))
("C:\Users\ERTY\AppData\Local\Programs\MiKTeX 2.9\tex\latex\geometry\geometry.s
ty"
Package: geometry 2018/04/16 v5.8 Page Geometry

("C:\Users\ERTY\AppData\Local\Programs\MiKTeX 2.9\tex\latex\graphics\keyval.sty
"
Package: keyval 2014/10/28 v1.15 key=value parser (DPC)
\KV@toks@=\toks16
)
("C:\Users\ERTY\AppData\Local\Programs\MiKTeX 2.9\tex\generic\oberdiek\ifpdf.st
y"
Package: ifpdf 2018/09/07 v3.3 Provides the ifpdf switch
)
("C:\Users\ERTY\AppData\Local\Programs\MiKTeX 2.9\tex\generic\oberdiek\ifvtex.s
ty"
Package: ifvtex 2016/05/16 v1.6 Detect VTeX and its facilities (HO)
Package ifvtex Info: VTeX not detected.
)
("C:\Users\ERTY\AppData\Local\Programs\MiKTeX 2.9\tex\generic\ifxetex\ifxetex.s
ty"
Package: ifxetex 2010/09/12 v0.6 Provides ifxetex conditional
)
\Gm@cnth=\count88
\Gm@cntv=\count89
\c@Gm@tempcnt=\count90
\Gm@bindingoffset=\dimen103
\Gm@wd@mp=\dimen104
\Gm@odd@mp=\dimen105
\Gm@even@mp=\dimen106
\Gm@layoutwidth=\dimen107
\Gm@layoutheight=\dimen108
\Gm@layouthoffset=\dimen109
\Gm@layoutvoffset=\dimen110
\Gm@dimlist=\toks17

("C:\Users\ERTY\AppData\Local\Programs\MiKTeX 2.9\tex\latex\geometry\geometry.c
fg"))

Package geometry Warning: Over-specification in `h'-direction.
    `width' (597.50787pt) is ignored.


Package geometry Warning: Over-specification in `v'-direction.
    `height' (845.04684pt) is ignored.

("C:\Users\ERTY\AppData\Local\Programs\MiKTeX 2.9\tex\latex\tocloft\tocloft.sty
"
Package: tocloft 2017/08/31 v2.3i parameterised ToC, etc., typesetting
Package tocloft Info: The document has section divisions on input line 51.
\cftparskip=\skip43
\cftbeforetoctitleskip=\skip44
\cftaftertoctitleskip=\skip45
\cftbeforepartskip=\skip46
\cftpartnumwidth=\skip47
\cftpartindent=\skip48
\cftbeforesecskip=\skip49
\cftsecindent=\skip50
\cftsecnumwidth=\skip51
\cftbeforesubsecskip=\skip52
\cftsubsecindent=\skip53
\cftsubsecnumwidth=\skip54
\cftbeforesubsubsecskip=\skip55
\cftsubsubsecindent=\skip56
\cftsubsubsecnumwidth=\skip57
\cftbeforeparaskip=\skip58
\cftparaindent=\skip59
\cftparanumwidth=\skip60
\cftbeforesubparaskip=\skip61
\cftsubparaindent=\skip62
\cftsubparanumwidth=\skip63
\cftbeforeloftitleskip=\skip64
\cftafterloftitleskip=\skip65
\cftbeforefigskip=\skip66
\cftfigindent=\skip67
\cftfignumwidth=\skip68
\c@lofdepth=\count91
\c@lotdepth=\count92
\cftbeforelottitleskip=\skip69
\cftafterlottitleskip=\skip70
\cftbeforetabskip=\skip71
\cfttabindent=\skip72
\cfttabnumwidth=\skip73
)
("C:\Users\ERTY\AppData\Local\Programs\MiKTeX 2.9\tex\latex\fancyhdr\fancyhdr.s
ty"
Package: fancyhdr 2017/06/30 v3.9a Extensive control of page headers and footer
s
\f@nch@headwidth=\skip74
\f@nch@O@elh=\skip75
\f@nch@O@erh=\skip76
\f@nch@O@olh=\skip77
\f@nch@O@orh=\skip78
\f@nch@O@elf=\skip79
\f@nch@O@erf=\skip80
\f@nch@O@olf=\skip81
\f@nch@O@orf=\skip82
)
("C:\Users\ERTY\AppData\Local\Programs\MiKTeX 2.9\tex\latex\wasysym\wasysym.sty
"
Package: wasysym 2003/10/30 v2.0 Wasy-2 symbol support package
\symwasy=\mathgroup4
LaTeX Font Info:    Overwriting symbol font `wasy' in version `bold'
(Font)                  U/wasy/m/n --> U/wasy/b/n on input line 90.
) ("C:\Users\ERTY\AppData\Local\Programs\MiKTeX 2.9\tex\latex\psnfss\pifont.sty
"
Package: pifont 2005/04/12 PSNFSS-v9.2a Pi font support (SPQR) 
LaTeX Font Info:    Try loading font information for U+pzd on input line 63.
 ("C:\Users\ERTY\AppData\Local\Programs\MiKTeX 2.9\tex\latex\psnfss\upzd.fd"
File: upzd.fd 2001/06/04 font definitions for U/pzd.
)
LaTeX Font Info:    Try loading font information for U+psy on input line 64.
("C:\Users\ERTY\AppData\Local\Programs\MiKTeX 2.9\tex\latex\psnfss\upsy.fd"
File: upsy.fd 2001/06/04 font definitions for U/psy.
))
("C:\Users\ERTY\AppData\Local\Programs\MiKTeX 2.9\tex\latex\psnfss\times.sty"
Package: times 2005/04/12 PSNFSS-v9.2a (SPQR) 
)
("C:\Users\ERTY\AppData\Local\Programs\MiKTeX 2.9\tex\latex\tabu\tabu.sty"
Package: tabu 2011/02/26 v2.8 - flexible LaTeX tabulars (FC)

("C:\Users\ERTY\AppData\Local\Programs\MiKTeX 2.9\tex\latex\tools\array.sty"
Package: array 2018/04/30 v2.4h Tabular extension package (FMi)
\col@sep=\dimen111
\ar@mcellbox=\box26
\extrarowheight=\dimen112
\NC@list=\toks18
\extratabsurround=\skip83
\backup@length=\skip84
\ar@cellbox=\box27
)
("C:\Users\ERTY\AppData\Local\Programs\MiKTeX 2.9\tex\latex\varwidth\varwidth.s
ty"
Package: varwidth 2009/03/30 ver 0.92;  Variable-width minipages
\@vwid@box=\box28
\sift@deathcycles=\count93
\@vwid@loff=\dimen113
\@vwid@roff=\dimen114
)
\c@taburow=\count94
\tabu@nbcols=\count95
\tabu@cnt=\count96
\tabu@Xcol=\count97
\tabu@alloc=\count98
\tabu@nested=\count99
\tabu@target=\dimen115
\tabu@spreadtarget=\dimen116
\tabu@naturalX=\dimen117
\tabucolX=\dimen118
\tabu@Xsum=\dimen119
\extrarowdepth=\dimen120
\abovetabulinesep=\dimen121
\belowtabulinesep=\dimen122
\tabustrutrule=\dimen123
\tabu@thebody=\toks19
\tabu@footnotes=\toks20
\tabu@box=\box29
\tabu@arstrutbox=\box30
\tabu@hleads=\box31
\tabu@vleads=\box32
\tabu@cellskip=\skip85
)
("C:\Users\ERTY\AppData\Local\Programs\MiKTeX 2.9\tex\latex\tools\tabularx.sty"
Package: tabularx 2016/02/03 v2.11b `tabularx' package (DPC)
\TX@col@width=\dimen124
\TX@old@table=\dimen125
\TX@old@col=\dimen126
\TX@target=\dimen127
\TX@delta=\dimen128
\TX@cols=\count100
\TX@ftn=\toks21
)
("C:\Users\ERTY\AppData\Local\Programs\MiKTeX 2.9\tex\latex\ltablex\ltablex.sty
"
Package: ltablex 2014/08/13 v1.1 Modified tabularx

("C:\Users\ERTY\AppData\Local\Programs\MiKTeX 2.9\tex\latex\tools\longtable.sty
"
Package: longtable 2014/10/28 v4.11 Multi-page Table package (DPC)
\LTleft=\skip86
\LTright=\skip87
\LTpre=\skip88
\LTpost=\skip89
\LTchunksize=\count101
\LTcapwidth=\dimen129
\LT@head=\box33
\LT@firsthead=\box34
\LT@foot=\box35
\LT@lastfoot=\box36
\LT@cols=\count102
\LT@rows=\count103
\c@LT@tables=\count104
\c@LT@chunks=\count105
\LT@p@ftn=\toks22
)) ("C:\Users\ERTY\AppData\Local\Programs\MiKTeX 2.9\tex\latex\float\float.sty"
Package: float 2001/11/08 v1.3d Float enhancements (AL)
\c@float@type=\count106
\float@exts=\toks23
\float@box=\box37
\@float@everytoks=\toks24
\@floatcapt=\box38
)
("C:\Users\ERTY\AppData\Local\Programs\MiKTeX 2.9\tex\latex\oberdiek\pdflscape.
sty"
Package: pdflscape 2016/05/14 v0.11 Display of landscape pages in PDF (HO)

("C:\Users\ERTY\AppData\Local\Programs\MiKTeX 2.9\tex\latex\graphics\lscape.sty
"
Package: lscape 2000/10/22 v3.01 Landscape Pages (DPC)

("C:\Users\ERTY\AppData\Local\Programs\MiKTeX 2.9\tex\latex\graphics\graphics.s
ty"
Package: graphics 2017/06/25 v1.2c Standard LaTeX Graphics (DPC,SPQR)

("C:\Users\ERTY\AppData\Local\Programs\MiKTeX 2.9\tex\latex\graphics\trig.sty"
Package: trig 2016/01/03 v1.10 sin cos tan (DPC)
)
("C:\Users\ERTY\AppData\Local\Programs\MiKTeX 2.9\tex\latex\graphics-cfg\graphi
cs.cfg"
File: graphics.cfg 2016/06/04 v1.11 sample graphics configuration
)
Package graphics Info: Driver file: pdftex.def on input line 99.

("C:\Users\ERTY\AppData\Local\Programs\MiKTeX 2.9\tex\latex\graphics-def\pdftex
.def"
File: pdftex.def 2018/01/08 v1.0l Graphics/color driver for pdftex
)))
Package pdflscape Info: Auto-detected driver: pdftex on input line 81.
)
("C:\Users\ERTY\AppData\Local\Programs\MiKTeX 2.9\tex\latex\graphics\rotating.s
ty"
Package: rotating 2016/08/11 v2.16d rotated objects in LaTeX

("C:\Users\ERTY\AppData\Local\Programs\MiKTeX 2.9\tex\latex\graphics\graphicx.s
ty"
Package: graphicx 2017/06/01 v1.1a Enhanced LaTeX Graphics (DPC,SPQR)
\Gin@req@height=\dimen130
\Gin@req@width=\dimen131
) ("C:\Users\ERTY\AppData\Local\Programs\MiKTeX 2.9\tex\latex\base\ifthen.sty"
Package: ifthen 2014/09/29 v1.1c Standard LaTeX ifthen package (DPC)
)
\c@r@tfl@t=\count107
\rotFPtop=\skip90
\rotFPbot=\skip91
\rot@float@box=\box39
\rot@mess@toks=\toks25
)
("C:\Users\ERTY\AppData\Local\Programs\MiKTeX 2.9\tex\latex\caption\caption.sty
"
Package: caption 2018/10/06 v3.3-154 Customizing captions (AR)

("C:\Users\ERTY\AppData\Local\Programs\MiKTeX 2.9\tex\latex\caption\caption3.st
y"
Package: caption3 2018/09/12 v1.8c caption3 kernel (AR)
Package caption3 Info: TeX engine: e-TeX on input line 64.
\captionmargin=\dimen132
\captionmargin@=\dimen133
\captionwidth=\dimen134
\caption@tempdima=\dimen135
\caption@indent=\dimen136
\caption@parindent=\dimen137
\caption@hangindent=\dimen138
)
\c@caption@flags=\count108
\c@ContinuedFloat=\count109
Package caption Info: float package is loaded.
Package caption Info: longtable package is loaded.

("C:\Users\ERTY\AppData\Local\Programs\MiKTeX 2.9\tex\latex\caption\ltcaption.s
ty"
Package: ltcaption 2018/08/26 v1.4-95 longtable captions (AR)
)
Package caption Info: rotating package is loaded.
)
("C:\Users\ERTY\AppData\Local\Programs\MiKTeX 2.9\tex\latex\xcolor\xcolor.sty"
Package: xcolor 2016/05/11 v2.12 LaTeX color extensions (UK)

("C:\Users\ERTY\AppData\Local\Programs\MiKTeX 2.9\tex\latex\graphics-cfg\color.
cfg"
File: color.cfg 2016/01/02 v1.6 sample color configuration
)
Package xcolor Info: Driver file: pdftex.def on input line 225.

("C:\Users\ERTY\AppData\Local\Programs\MiKTeX 2.9\tex\latex\colortbl\colortbl.s
ty"
Package: colortbl 2018/05/02 v1.0c Color table columns (DPC)
\everycr=\toks26
\minrowclearance=\skip92
)
\rownum=\count110
Package xcolor Info: Model `cmy' substituted by `cmy0' on input line 1348.
Package xcolor Info: Model `hsb' substituted by `rgb' on input line 1352.
Package xcolor Info: Model `RGB' extended on input line 1364.
Package xcolor Info: Model `HTML' substituted by `rgb' on input line 1366.
Package xcolor Info: Model `Hsb' substituted by `hsb' on input line 1367.
Package xcolor Info: Model `tHsb' substituted by `hsb' on input line 1368.
Package xcolor Info: Model `HSB' substituted by `hsb' on input line 1369.
Package xcolor Info: Model `Gray' substituted by `gray' on input line 1370.
Package xcolor Info: Model `wave' substituted by `hsb' on input line 1371.

("C:\Users\ERTY\AppData\Local\Programs\MiKTeX 2.9\tex\latex\graphics\dvipsnam.d
ef"
File: dvipsnam.def 2016/06/17 v3.0m Driver-dependent file (DPC,SPQR)
))
("C:\Users\ERTY\AppData\Local\Programs\MiKTeX 2.9\tex\latex\tools\xspace.sty"
Package: xspace 2014/10/28 v1.13 Space after command names (DPC,MH)
)
("C:\Users\ERTY\AppData\Local\Programs\MiKTeX 2.9\tex\latex\enumitem\enumitem.s
ty"
Package: enumitem 2011/09/28 v3.5.2 Customized lists
\labelindent=\skip93
\enit@outerparindent=\dimen139
\enit@toks=\toks27
\enit@inbox=\box40
\enitdp@description=\count111
)
("C:\Users\ERTY\AppData\Local\Programs\MiKTeX 2.9\tex\latex\amsfonts\amssymb.st
y"
Package: amssymb 2013/01/14 v3.01 AMS font symbols

("C:\Users\ERTY\AppData\Local\Programs\MiKTeX 2.9\tex\latex\amsfonts\amsfonts.s
ty"
Package: amsfonts 2013/01/14 v3.01 Basic AMSFonts support
\@emptytoks=\toks28
\symAMSa=\mathgroup5
\symAMSb=\mathgroup6
LaTeX Font Info:    Overwriting math alphabet `\mathfrak' in version `bold'
(Font)                  U/euf/m/n --> U/euf/b/n on input line 106.
))
("C:\Users\ERTY\AppData\Local\Programs\MiKTeX 2.9\tex\latex\hyperref\hyperref.s
ty"
Package: hyperref 2018/09/30 v6.88a Hypertext links for LaTeX

("C:\Users\ERTY\AppData\Local\Programs\MiKTeX 2.9\tex\generic\oberdiek\hobsub-h
yperref.sty"
Package: hobsub-hyperref 2016/05/16 v1.14 Bundle oberdiek, subset hyperref (HO)


("C:\Users\ERTY\AppData\Local\Programs\MiKTeX 2.9\tex\generic\oberdiek\hobsub-g
eneric.sty"
Package: hobsub-generic 2016/05/16 v1.14 Bundle oberdiek, subset generic (HO)
Package: hobsub 2016/05/16 v1.14 Construct package bundles (HO)
Package: infwarerr 2016/05/16 v1.4 Providing info/warning/error messages (HO)
Package: ltxcmds 2016/05/16 v1.23 LaTeX kernel commands for general use (HO)
Package: ifluatex 2016/05/16 v1.4 Provides the ifluatex switch (HO)
Package ifluatex Info: LuaTeX not detected.
Package hobsub Info: Skipping package `ifvtex' (already loaded).
Package: intcalc 2016/05/16 v1.2 Expandable calculations with integers (HO)
Package hobsub Info: Skipping package `ifpdf' (already loaded).
Package: etexcmds 2016/05/16 v1.6 Avoid name clashes with e-TeX commands (HO)
Package etexcmds Info: Could not find \expanded.
(etexcmds)             That can mean that you are not using pdfTeX 1.50 or
(etexcmds)             that some package has redefined \expanded.
(etexcmds)             In the latter case, load this package earlier.
Package: kvsetkeys 2016/05/16 v1.17 Key value parser (HO)
Package: kvdefinekeys 2016/05/16 v1.4 Define keys (HO)
Package: pdftexcmds 2018/09/10 v0.29 Utility functions of pdfTeX for LuaTeX (HO
)
Package pdftexcmds Info: LuaTeX not detected.
Package pdftexcmds Info: \pdf@primitive is available.
Package pdftexcmds Info: \pdf@ifprimitive is available.
Package pdftexcmds Info: \pdfdraftmode found.
Package: pdfescape 2016/05/16 v1.14 Implements pdfTeX's escape features (HO)
Package: bigintcalc 2016/05/16 v1.4 Expandable calculations on big integers (HO
)
Package: bitset 2016/05/16 v1.2 Handle bit-vector datatype (HO)
Package: uniquecounter 2016/05/16 v1.3 Provide unlimited unique counter (HO)
)
Package hobsub Info: Skipping package `hobsub' (already loaded).
Package: letltxmacro 2016/05/16 v1.5 Let assignment for LaTeX macros (HO)
Package: hopatch 2016/05/16 v1.3 Wrapper for package hooks (HO)
Package: xcolor-patch 2016/05/16 xcolor patch
Package: atveryend 2016/05/16 v1.9 Hooks at the very end of document (HO)
Package atveryend Info: \enddocument detected (standard20110627).
Package: atbegshi 2016/06/09 v1.18 At begin shipout hook (HO)
Package: refcount 2016/05/16 v3.5 Data extraction from label references (HO)
Package: hycolor 2016/05/16 v1.8 Color options for hyperref/bookmark (HO)
)
("C:\Users\ERTY\AppData\Local\Programs\MiKTeX 2.9\tex\latex\oberdiek\auxhook.st
y"
Package: auxhook 2016/05/16 v1.4 Hooks for auxiliary files (HO)
)
("C:\Users\ERTY\AppData\Local\Programs\MiKTeX 2.9\tex\latex\oberdiek\kvoptions.
sty"
Package: kvoptions 2016/05/16 v3.12 Key value format for package options (HO)
)
\@linkdim=\dimen140
\Hy@linkcounter=\count112
\Hy@pagecounter=\count113

("C:\Users\ERTY\AppData\Local\Programs\MiKTeX 2.9\tex\latex\hyperref\pd1enc.def
"
File: pd1enc.def 2018/09/30 v6.88a Hyperref: PDFDocEncoding definition (HO)
Now handling font encoding PD1 ...
... no UTF-8 mapping file for font encoding PD1
)
\Hy@SavedSpaceFactor=\count114

("C:\Users\ERTY\AppData\Local\Programs\MiKTeX 2.9\tex\latex\00miktex\hyperref.c
fg"
File: hyperref.cfg 2002/06/06 v1.2 hyperref configuration of TeXLive
)
Package hyperref Info: Option `colorlinks' set `true' on input line 4409.
Package hyperref Info: Hyper figures OFF on input line 4535.
Package hyperref Info: Link nesting OFF on input line 4540.
Package hyperref Info: Hyper index ON on input line 4543.
Package hyperref Info: Plain pages OFF on input line 4550.
Package hyperref Info: Backreferencing OFF on input line 4555.
Package hyperref Info: Implicit mode ON; LaTeX internals redefined.
Package hyperref Info: Bookmarks ON on input line 4788.
\c@Hy@tempcnt=\count115
 ("C:\Users\ERTY\AppData\Local\Programs\MiKTeX 2.9\tex\latex\url\url.sty"
\Urlmuskip=\muskip10
Package: url 2013/09/16  ver 3.4  Verb mode for urls, etc.
)
LaTeX Info: Redefining \url on input line 5141.
\XeTeXLinkMargin=\dimen141
\Fld@menulength=\count116
\Field@Width=\dimen142
\Fld@charsize=\dimen143
Package hyperref Info: Hyper figures OFF on input line 6396.
Package hyperref Info: Link nesting OFF on input line 6401.
Package hyperref Info: Hyper index ON on input line 6404.
Package hyperref Info: backreferencing OFF on input line 6411.
Package hyperref Info: Link coloring ON on input line 6414.
Package hyperref Info: Link coloring with OCG OFF on input line 6421.
Package hyperref Info: PDF/A mode OFF on input line 6426.
LaTeX Info: Redefining \ref on input line 6466.
LaTeX Info: Redefining \pageref on input line 6470.
\Hy@abspage=\count117
\c@Item=\count118
\c@Hfootnote=\count119
)
Package hyperref Info: Driver: hpdftex.

("C:\Users\ERTY\AppData\Local\Programs\MiKTeX 2.9\tex\latex\hyperref\hpdftex.de
f"
File: hpdftex.def 2018/09/30 v6.88a Hyperref driver for pdfTeX
\Fld@listcount=\count120
\c@bookmark@seq@number=\count121

("C:\Users\ERTY\AppData\Local\Programs\MiKTeX 2.9\tex\latex\oberdiek\rerunfilec
heck.sty"
Package: rerunfilecheck 2016/05/16 v1.8 Rerun checks for auxiliary files (HO)
Package uniquecounter Info: New unique counter `rerunfilecheck' on input line 2
82.
)
\Hy@SectionHShift=\skip94
) (util/highlight.tex
("C:\Users\ERTY\AppData\Local\Programs\MiKTeX 2.9\tex\latex\soul\soul.sty"
Package: soul 2003/11/17 v2.4 letterspacing/underlining (mf)
\SOUL@word=\toks29
\SOUL@lasttoken=\toks30
\SOUL@cmds=\toks31
\SOUL@buffer=\toks32
\SOUL@token=\toks33
\SOUL@spaceskip=\skip95
\SOUL@ttwidth=\dimen144
\SOUL@uldp=\dimen145
\SOUL@ulht=\dimen146
)
("C:\Users\ERTY\AppData\Local\Programs\MiKTeX 2.9\tex\latex\pgf\frontendlayer\t
ikz.sty"
("C:\Users\ERTY\AppData\Local\Programs\MiKTeX 2.9\tex\latex\pgf\basiclayer\pgf.
sty"
("C:\Users\ERTY\AppData\Local\Programs\MiKTeX 2.9\tex\latex\pgf\utilities\pgfrc
s.sty"
("C:\Users\ERTY\AppData\Local\Programs\MiKTeX 2.9\tex\generic\pgf\utilities\pgf
util-common.tex"
\pgfutil@everybye=\toks34
\pgfutil@tempdima=\dimen147
\pgfutil@tempdimb=\dimen148

("C:\Users\ERTY\AppData\Local\Programs\MiKTeX 2.9\tex\generic\pgf\utilities\pgf
util-common-lists.tex"))
("C:\Users\ERTY\AppData\Local\Programs\MiKTeX 2.9\tex\generic\pgf\utilities\pgf
util-latex.def"
\pgfutil@abb=\box41

("C:\Users\ERTY\AppData\Local\Programs\MiKTeX 2.9\tex\latex\ms\everyshi.sty"
Package: everyshi 2001/05/15 v3.00 EveryShipout Package (MS)
))
("C:\Users\ERTY\AppData\Local\Programs\MiKTeX 2.9\tex\generic\pgf\utilities\pgf
rcs.code.tex"
Package: pgfrcs 2015/08/07 v3.0.1a (rcs-revision 1.31)
))
Package: pgf 2015/08/07 v3.0.1a (rcs-revision 1.15)

("C:\Users\ERTY\AppData\Local\Programs\MiKTeX 2.9\tex\latex\pgf\basiclayer\pgfc
ore.sty"
("C:\Users\ERTY\AppData\Local\Programs\MiKTeX 2.9\tex\latex\pgf\systemlayer\pgf
sys.sty"
("C:\Users\ERTY\AppData\Local\Programs\MiKTeX 2.9\tex\generic\pgf\systemlayer\p
gfsys.code.tex"
Package: pgfsys 2014/07/09 v3.0.1a (rcs-revision 1.48)

("C:\Users\ERTY\AppData\Local\Programs\MiKTeX 2.9\tex\generic\pgf\utilities\pgf
keys.code.tex"
\pgfkeys@pathtoks=\toks35
\pgfkeys@temptoks=\toks36

("C:\Users\ERTY\AppData\Local\Programs\MiKTeX 2.9\tex\generic\pgf\utilities\pgf
keysfiltered.code.tex"
\pgfkeys@tmptoks=\toks37
))
\pgf@x=\dimen149
\pgf@y=\dimen150
\pgf@xa=\dimen151
\pgf@ya=\dimen152
\pgf@xb=\dimen153
\pgf@yb=\dimen154
\pgf@xc=\dimen155
\pgf@yc=\dimen156
\w@pgf@writea=\write3
\r@pgf@reada=\read1
\c@pgf@counta=\count122
\c@pgf@countb=\count123
\c@pgf@countc=\count124
\c@pgf@countd=\count125
\t@pgf@toka=\toks38
\t@pgf@tokb=\toks39
\t@pgf@tokc=\toks40

("C:\Users\ERTY\AppData\Local\Programs\MiKTeX 2.9\tex\generic\pgf\systemlayer\p
gf.cfg"
File: pgf.cfg 2008/05/14  (rcs-revision 1.7)
)
Driver file for pgf: pgfsys-pdftex.def

("C:\Users\ERTY\AppData\Local\Programs\MiKTeX 2.9\tex\generic\pgf\systemlayer\p
gfsys-pdftex.def"
File: pgfsys-pdftex.def 2014/10/11  (rcs-revision 1.35)

("C:\Users\ERTY\AppData\Local\Programs\MiKTeX 2.9\tex\generic\pgf\systemlayer\p
gfsys-common-pdf.def"
File: pgfsys-common-pdf.def 2013/10/10  (rcs-revision 1.13)
)))
("C:\Users\ERTY\AppData\Local\Programs\MiKTeX 2.9\tex\generic\pgf\systemlayer\p
gfsyssoftpath.code.tex"
File: pgfsyssoftpath.code.tex 2013/09/09  (rcs-revision 1.9)
\pgfsyssoftpath@smallbuffer@items=\count126
\pgfsyssoftpath@bigbuffer@items=\count127
)
("C:\Users\ERTY\AppData\Local\Programs\MiKTeX 2.9\tex\generic\pgf\systemlayer\p
gfsysprotocol.code.tex"
File: pgfsysprotocol.code.tex 2006/10/16  (rcs-revision 1.4)
))
("C:\Users\ERTY\AppData\Local\Programs\MiKTeX 2.9\tex\generic\pgf\basiclayer\pg
fcore.code.tex"
Package: pgfcore 2010/04/11 v3.0.1a (rcs-revision 1.7)

("C:\Users\ERTY\AppData\Local\Programs\MiKTeX 2.9\tex\generic\pgf\math\pgfmath.
code.tex"
("C:\Users\ERTY\AppData\Local\Programs\MiKTeX 2.9\tex\generic\pgf\math\pgfmathc
alc.code.tex"
("C:\Users\ERTY\AppData\Local\Programs\MiKTeX 2.9\tex\generic\pgf\math\pgfmathu
til.code.tex")
("C:\Users\ERTY\AppData\Local\Programs\MiKTeX 2.9\tex\generic\pgf\math\pgfmathp
arser.code.tex"
\pgfmath@dimen=\dimen157
\pgfmath@count=\count128
\pgfmath@box=\box42
\pgfmath@toks=\toks41
\pgfmath@stack@operand=\toks42
\pgfmath@stack@operation=\toks43
)
("C:\Users\ERTY\AppData\Local\Programs\MiKTeX 2.9\tex\generic\pgf\math\pgfmathf
unctions.code.tex"
("C:\Users\ERTY\AppData\Local\Programs\MiKTeX 2.9\tex\generic\pgf\math\pgfmathf
unctions.basic.code.tex")
("C:\Users\ERTY\AppData\Local\Programs\MiKTeX 2.9\tex\generic\pgf\math\pgfmathf
unctions.trigonometric.code.tex")
("C:\Users\ERTY\AppData\Local\Programs\MiKTeX 2.9\tex\generic\pgf\math\pgfmathf
unctions.random.code.tex")
("C:\Users\ERTY\AppData\Local\Programs\MiKTeX 2.9\tex\generic\pgf\math\pgfmathf
unctions.comparison.code.tex")
("C:\Users\ERTY\AppData\Local\Programs\MiKTeX 2.9\tex\generic\pgf\math\pgfmathf
unctions.base.code.tex")
("C:\Users\ERTY\AppData\Local\Programs\MiKTeX 2.9\tex\generic\pgf\math\pgfmathf
unctions.round.code.tex")
("C:\Users\ERTY\AppData\Local\Programs\MiKTeX 2.9\tex\generic\pgf\math\pgfmathf
unctions.misc.code.tex")
("C:\Users\ERTY\AppData\Local\Programs\MiKTeX 2.9\tex\generic\pgf\math\pgfmathf
unctions.integerarithmetics.code.tex")))
("C:\Users\ERTY\AppData\Local\Programs\MiKTeX 2.9\tex\generic\pgf\math\pgfmathf
loat.code.tex"
\c@pgfmathroundto@lastzeros=\count129
))
("C:\Users\ERTY\AppData\Local\Programs\MiKTeX 2.9\tex\generic\pgf\basiclayer\pg
fcorepoints.code.tex"
File: pgfcorepoints.code.tex 2013/10/07  (rcs-revision 1.27)
\pgf@picminx=\dimen158
\pgf@picmaxx=\dimen159
\pgf@picminy=\dimen160
\pgf@picmaxy=\dimen161
\pgf@pathminx=\dimen162
\pgf@pathmaxx=\dimen163
\pgf@pathminy=\dimen164
\pgf@pathmaxy=\dimen165
\pgf@xx=\dimen166
\pgf@xy=\dimen167
\pgf@yx=\dimen168
\pgf@yy=\dimen169
\pgf@zx=\dimen170
\pgf@zy=\dimen171
)
("C:\Users\ERTY\AppData\Local\Programs\MiKTeX 2.9\tex\generic\pgf\basiclayer\pg
fcorepathconstruct.code.tex"
File: pgfcorepathconstruct.code.tex 2013/10/07  (rcs-revision 1.29)
\pgf@path@lastx=\dimen172
\pgf@path@lasty=\dimen173
)
("C:\Users\ERTY\AppData\Local\Programs\MiKTeX 2.9\tex\generic\pgf\basiclayer\pg
fcorepathusage.code.tex"
File: pgfcorepathusage.code.tex 2014/11/02  (rcs-revision 1.24)
\pgf@shorten@end@additional=\dimen174
\pgf@shorten@start@additional=\dimen175
)
("C:\Users\ERTY\AppData\Local\Programs\MiKTeX 2.9\tex\generic\pgf\basiclayer\pg
fcorescopes.code.tex"
File: pgfcorescopes.code.tex 2015/05/08  (rcs-revision 1.46)
\pgfpic=\box43
\pgf@hbox=\box44
\pgf@layerbox@main=\box45
\pgf@picture@serial@count=\count130
)
("C:\Users\ERTY\AppData\Local\Programs\MiKTeX 2.9\tex\generic\pgf\basiclayer\pg
fcoregraphicstate.code.tex"
File: pgfcoregraphicstate.code.tex 2014/11/02  (rcs-revision 1.12)
\pgflinewidth=\dimen176
)
("C:\Users\ERTY\AppData\Local\Programs\MiKTeX 2.9\tex\generic\pgf\basiclayer\pg
fcoretransformations.code.tex"
File: pgfcoretransformations.code.tex 2015/08/07  (rcs-revision 1.20)
\pgf@pt@x=\dimen177
\pgf@pt@y=\dimen178
\pgf@pt@temp=\dimen179
)
("C:\Users\ERTY\AppData\Local\Programs\MiKTeX 2.9\tex\generic\pgf\basiclayer\pg
fcorequick.code.tex"
File: pgfcorequick.code.tex 2008/10/09  (rcs-revision 1.3)
)
("C:\Users\ERTY\AppData\Local\Programs\MiKTeX 2.9\tex\generic\pgf\basiclayer\pg
fcoreobjects.code.tex"
File: pgfcoreobjects.code.tex 2006/10/11  (rcs-revision 1.2)
)
("C:\Users\ERTY\AppData\Local\Programs\MiKTeX 2.9\tex\generic\pgf\basiclayer\pg
fcorepathprocessing.code.tex"
File: pgfcorepathprocessing.code.tex 2013/09/09  (rcs-revision 1.9)
)
("C:\Users\ERTY\AppData\Local\Programs\MiKTeX 2.9\tex\generic\pgf\basiclayer\pg
fcorearrows.code.tex"
File: pgfcorearrows.code.tex 2015/05/14  (rcs-revision 1.43)
\pgfarrowsep=\dimen180
)
("C:\Users\ERTY\AppData\Local\Programs\MiKTeX 2.9\tex\generic\pgf\basiclayer\pg
fcoreshade.code.tex"
File: pgfcoreshade.code.tex 2013/07/15  (rcs-revision 1.15)
\pgf@max=\dimen181
\pgf@sys@shading@range@num=\count131
)
("C:\Users\ERTY\AppData\Local\Programs\MiKTeX 2.9\tex\generic\pgf\basiclayer\pg
fcoreimage.code.tex"
File: pgfcoreimage.code.tex 2013/07/15  (rcs-revision 1.18)

("C:\Users\ERTY\AppData\Local\Programs\MiKTeX 2.9\tex\generic\pgf\basiclayer\pg
fcoreexternal.code.tex"
File: pgfcoreexternal.code.tex 2014/07/09  (rcs-revision 1.21)
\pgfexternal@startupbox=\box46
))
("C:\Users\ERTY\AppData\Local\Programs\MiKTeX 2.9\tex\generic\pgf\basiclayer\pg
fcorelayers.code.tex"
File: pgfcorelayers.code.tex 2013/07/18  (rcs-revision 1.7)
)
("C:\Users\ERTY\AppData\Local\Programs\MiKTeX 2.9\tex\generic\pgf\basiclayer\pg
fcoretransparency.code.tex"
File: pgfcoretransparency.code.tex 2013/09/30  (rcs-revision 1.5)
)
("C:\Users\ERTY\AppData\Local\Programs\MiKTeX 2.9\tex\generic\pgf\basiclayer\pg
fcorepatterns.code.tex"
File: pgfcorepatterns.code.tex 2013/11/07  (rcs-revision 1.5)
)))
("C:\Users\ERTY\AppData\Local\Programs\MiKTeX 2.9\tex\generic\pgf\modules\pgfmo
duleshapes.code.tex"
File: pgfmoduleshapes.code.tex 2014/03/21  (rcs-revision 1.35)
\pgfnodeparttextbox=\box47
)
("C:\Users\ERTY\AppData\Local\Programs\MiKTeX 2.9\tex\generic\pgf\modules\pgfmo
duleplot.code.tex"
File: pgfmoduleplot.code.tex 2015/08/03  (rcs-revision 1.13)
)
("C:\Users\ERTY\AppData\Local\Programs\MiKTeX 2.9\tex\latex\pgf\compatibility\p
gfcomp-version-0-65.sty"
Package: pgfcomp-version-0-65 2007/07/03 v3.0.1a (rcs-revision 1.7)
\pgf@nodesepstart=\dimen182
\pgf@nodesepend=\dimen183
)
("C:\Users\ERTY\AppData\Local\Programs\MiKTeX 2.9\tex\latex\pgf\compatibility\p
gfcomp-version-1-18.sty"
Package: pgfcomp-version-1-18 2007/07/23 v3.0.1a (rcs-revision 1.1)
))
("C:\Users\ERTY\AppData\Local\Programs\MiKTeX 2.9\tex\latex\pgf\utilities\pgffo
r.sty"
("C:\Users\ERTY\AppData\Local\Programs\MiKTeX 2.9\tex\latex\pgf\utilities\pgfke
ys.sty"
("C:\Users\ERTY\AppData\Local\Programs\MiKTeX 2.9\tex\generic\pgf\utilities\pgf
keys.code.tex"))
("C:\Users\ERTY\AppData\Local\Programs\MiKTeX 2.9\tex\latex\pgf\math\pgfmath.st
y"
("C:\Users\ERTY\AppData\Local\Programs\MiKTeX 2.9\tex\generic\pgf\math\pgfmath.
code.tex"))
("C:\Users\ERTY\AppData\Local\Programs\MiKTeX 2.9\tex\generic\pgf\utilities\pgf
for.code.tex"
Package: pgffor 2013/12/13 v3.0.1a (rcs-revision 1.25)

("C:\Users\ERTY\AppData\Local\Programs\MiKTeX 2.9\tex\generic\pgf\math\pgfmath.
code.tex")
\pgffor@iter=\dimen184
\pgffor@skip=\dimen185
\pgffor@stack=\toks44
\pgffor@toks=\toks45
))
("C:\Users\ERTY\AppData\Local\Programs\MiKTeX 2.9\tex\generic\pgf\frontendlayer
\tikz\tikz.code.tex"
Package: tikz 2015/08/07 v3.0.1a (rcs-revision 1.151)

("C:\Users\ERTY\AppData\Local\Programs\MiKTeX 2.9\tex\generic\pgf\libraries\pgf
libraryplothandlers.code.tex"
File: pgflibraryplothandlers.code.tex 2013/08/31 v3.0.1a (rcs-revision 1.20)
\pgf@plot@mark@count=\count132
\pgfplotmarksize=\dimen186
)
\tikz@lastx=\dimen187
\tikz@lasty=\dimen188
\tikz@lastxsaved=\dimen189
\tikz@lastysaved=\dimen190
\tikzleveldistance=\dimen191
\tikzsiblingdistance=\dimen192
\tikz@figbox=\box48
\tikz@figbox@bg=\box49
\tikz@tempbox=\box50
\tikz@tempbox@bg=\box51
\tikztreelevel=\count133
\tikznumberofchildren=\count134
\tikznumberofcurrentchild=\count135
\tikz@fig@count=\count136

("C:\Users\ERTY\AppData\Local\Programs\MiKTeX 2.9\tex\generic\pgf\modules\pgfmo
dulematrix.code.tex"
File: pgfmodulematrix.code.tex 2013/09/17  (rcs-revision 1.8)
\pgfmatrixcurrentrow=\count137
\pgfmatrixcurrentcolumn=\count138
\pgf@matrix@numberofcolumns=\count139
)
\tikz@expandcount=\count140

("C:\Users\ERTY\AppData\Local\Programs\MiKTeX 2.9\tex\generic\pgf\frontendlayer
\tikz\libraries\tikzlibrarytopaths.code.tex"
File: tikzlibrarytopaths.code.tex 2008/06/17 v3.0.1a (rcs-revision 1.2)
)))
("C:\Users\ERTY\AppData\Local\Programs\MiKTeX 2.9\tex\generic\pgf\frontendlayer
\tikz\libraries\tikzlibrarycalc.code.tex"
File: tikzlibrarycalc.code.tex 2013/07/15 v3.0.1a (rcs-revision 1.9)
)
("C:\Users\ERTY\AppData\Local\Programs\MiKTeX 2.9\tex\generic\pgf\frontendlayer
\tikz\libraries\tikzlibrarydecorations.pathmorphing.code.tex"
("C:\Users\ERTY\AppData\Local\Programs\MiKTeX 2.9\tex\generic\pgf\frontendlayer
\tikz\libraries\tikzlibrarydecorations.code.tex"
("C:\Users\ERTY\AppData\Local\Programs\MiKTeX 2.9\tex\generic\pgf\modules\pgfmo
duledecorations.code.tex"
\pgfdecoratedcompleteddistance=\dimen193
\pgfdecoratedremainingdistance=\dimen194
\pgfdecoratedinputsegmentcompleteddistance=\dimen195
\pgfdecoratedinputsegmentremainingdistance=\dimen196
\pgf@decorate@distancetomove=\dimen197
\pgf@decorate@repeatstate=\count141
\pgfdecorationsegmentamplitude=\dimen198
\pgfdecorationsegmentlength=\dimen199
)
\tikz@lib@dec@box=\box52
)
("C:\Users\ERTY\AppData\Local\Programs\MiKTeX 2.9\tex\generic\pgf\libraries\dec
orations\pgflibrarydecorations.pathmorphing.code.tex"))
\highlight@previous=\dimen256
\highlight@current=\dimen257
) (util/abbrev.tex))
("C:\Users\ERTY\AppData\Local\Programs\MiKTeX 2.9\tex\latex\listings\listings.s
ty"
\lst@mode=\count142
\lst@gtempboxa=\box53
\lst@token=\toks46
\lst@length=\count143
\lst@currlwidth=\dimen258
\lst@column=\count144
\lst@pos=\count145
\lst@lostspace=\dimen259
\lst@width=\dimen260
\lst@newlines=\count146
\lst@lineno=\count147
\lst@maxwidth=\dimen261

("C:\Users\ERTY\AppData\Local\Programs\MiKTeX 2.9\tex\latex\listings\lstmisc.st
y"
File: lstmisc.sty 2018/09/02 1.7 (Carsten Heinz)
\c@lstnumber=\count148
\lst@skipnumbers=\count149
\lst@framebox=\box54
)
("C:\Users\ERTY\AppData\Local\Programs\MiKTeX 2.9\tex\latex\listings\listings.c
fg"
File: listings.cfg 2018/09/02 1.7 listings configuration
))
Package: listings 2018/09/02 1.7 (Carsten Heinz)

("C:\Users\ERTY\AppData\Local\Programs\MiKTeX 2.9\tex\latex\placeins\placeins.s
ty"
Package: placeins 2005/04/18  v 2.2
)
("C:\Users\ERTY\AppData\Local\Programs\MiKTeX 2.9\tex\latex\adjustbox\adjustbox
.sty"
Package: adjustbox 2018/04/08 v1.1 Adjusting TeX boxes (trim, clip, ...)

("C:\Users\ERTY\AppData\Local\Programs\MiKTeX 2.9\tex\latex\xkeyval\xkeyval.sty
"
Package: xkeyval 2014/12/03 v2.7a package option processing (HA)

("C:\Users\ERTY\AppData\Local\Programs\MiKTeX 2.9\tex\generic\xkeyval\xkeyval.t
ex"
("C:\Users\ERTY\AppData\Local\Programs\MiKTeX 2.9\tex\generic\xkeyval\xkvutils.
tex"
\XKV@toks=\toks47
\XKV@tempa@toks=\toks48
)
\XKV@depth=\count150
File: xkeyval.tex 2014/12/03 v2.7a key=value parser (HA)
))
("C:\Users\ERTY\AppData\Local\Programs\MiKTeX 2.9\tex\latex\adjustbox\adjcalc.s
ty"
Package: adjcalc 2012/05/16 v1.1 Provides advanced setlength with multiple back
-ends (calc, etex, pgfmath)
)
("C:\Users\ERTY\AppData\Local\Programs\MiKTeX 2.9\tex\latex\adjustbox\trimclip.
sty"
Package: trimclip 2018/04/08 v1.1 Trim and clip general TeX material

("C:\Users\ERTY\AppData\Local\Programs\MiKTeX 2.9\tex\latex\collectbox\collectb
ox.sty"
Package: collectbox 2012/05/17 v0.4b Collect macro arguments as boxes
\collectedbox=\box55
)
\tc@llx=\dimen262
\tc@lly=\dimen263
\tc@urx=\dimen264
\tc@ury=\dimen265
Package trimclip Info: Using driver 'tc-pdftex.def'.

("C:\Users\ERTY\AppData\Local\Programs\MiKTeX 2.9\tex\latex\adjustbox\tc-pdftex
.def"
File: tc-pdftex.def 2018/04/08 v2.1 Clipping driver for pdftex
))
\adjbox@Width=\dimen266
\adjbox@Height=\dimen267
\adjbox@Depth=\dimen268
\adjbox@Totalheight=\dimen269
\adjbox@pwidth=\dimen270
\adjbox@pheight=\dimen271
\adjbox@pdepth=\dimen272
\adjbox@ptotalheight=\dimen273

("C:\Users\ERTY\AppData\Local\Programs\MiKTeX 2.9\tex\latex\ifoddpage\ifoddpage
.sty"
Package: ifoddpage 2016/04/23 v1.1 Conditionals for odd/even page detection
\c@checkoddpage=\count151
))
Package hyperref Info: Option `colorlinks' set `true' on input line 12.

("C:\Users\ERTY\AppData\Local\Programs\MiKTeX 2.9\tex\latex\sectsty\sectsty.sty
"
Package: sectsty 2002/02/25 v2.0.2 Commands to change all sectional heading sty
les
) ("C:\Users\ERTY\AppData\Local\Programs\MiKTeX 2.9\tex\generic\babel\babel.sty
"
Package: babel 2018/09/26 3.24 The Babel package

("C:\Users\ERTY\AppData\Local\Programs\MiKTeX 2.9\tex\generic\babel\switch.def"
File: switch.def 2018/09/26 3.24 Babel switching mechanism
)
*************************************
* Local config file bblopts.cfg used
*
("C:\Users\ERTY\AppData\Local\Programs\MiKTeX 2.9\tex\latex\arabi\bblopts.cfg"
File: bblopts.cfg 2005/09/08 v0.1 add Arabic and Farsi to "declared" options of
 babel
)
("C:\Users\ERTY\AppData\Local\Programs\MiKTeX 2.9\tex\latex\babel-english\engli
sh.ldf"
Language: english 2017/06/06 v3.3r English support from the babel system

("C:\Users\ERTY\AppData\Local\Programs\MiKTeX 2.9\tex\generic\babel\babel.def"
File: babel.def 2018/09/26 3.24 Babel common definitions
\babel@savecnt=\count152
\U@D=\dimen274

("C:\Users\ERTY\AppData\Local\Programs\MiKTeX 2.9\tex\generic\babel\txtbabel.de
f")
\bbl@dirlevel=\count153
)
\l@canadian = a dialect from \language\l@american 
\l@australian = a dialect from \language\l@british 
\l@newzealand = a dialect from \language\l@british 
))
("C:\Users\ERTY\AppData\Local\Programs\MiKTeX 2.9\tex\latex\booktabs\booktabs.s
ty"
Package: booktabs 2005/04/14 v1.61803 publication quality tables
\heavyrulewidth=\dimen275
\lightrulewidth=\dimen276
\cmidrulewidth=\dimen277
\belowrulesep=\dimen278
\belowbottomsep=\dimen279
\aboverulesep=\dimen280
\abovetopsep=\dimen281
\cmidrulesep=\dimen282
\cmidrulekern=\dimen283
\defaultaddspace=\dimen284
\@cmidla=\count154
\@cmidlb=\count155
\@aboverulesep=\dimen285
\@belowrulesep=\dimen286
\@thisruleclass=\count156
\@lastruleclass=\count157
\@thisrulewidth=\dimen287
) (main.aux)
\openout1 = `main.aux'.

LaTeX Font Info:    Checking defaults for OML/cmm/m/it on input line 25.
LaTeX Font Info:    ... okay on input line 25.
LaTeX Font Info:    Checking defaults for T1/cmr/m/n on input line 25.
LaTeX Font Info:    ... okay on input line 25.
LaTeX Font Info:    Checking defaults for OT1/cmr/m/n on input line 25.
LaTeX Font Info:    ... okay on input line 25.
LaTeX Font Info:    Checking defaults for OMS/cmsy/m/n on input line 25.
LaTeX Font Info:    ... okay on input line 25.
LaTeX Font Info:    Checking defaults for OMX/cmex/m/n on input line 25.
LaTeX Font Info:    ... okay on input line 25.
LaTeX Font Info:    Checking defaults for U/cmr/m/n on input line 25.
LaTeX Font Info:    ... okay on input line 25.
LaTeX Font Info:    Checking defaults for PD1/pdf/m/n on input line 25.
LaTeX Font Info:    ... okay on input line 25.
LaTeX Font Info:    Try loading font information for T1+ptm on input line 25.

("C:\Users\ERTY\AppData\Local\Programs\MiKTeX 2.9\tex\latex\psnfss\t1ptm.fd"
File: t1ptm.fd 2001/06/04 font definitions for T1/ptm.
)
*geometry* driver: auto-detecting
*geometry* detected driver: pdftex
*geometry* verbose mode - [ preamble ] result:
* driver: pdftex
* paper: a4paper
* layout: <same size as paper>
* layoutoffset:(h,v)=(0.0pt,0.0pt)
* modes: twoside 
* h-part:(L,W,R)=(71.13188pt, 455.24411pt, 71.13188pt)
* v-part:(T,H,B)=(85.35826pt, 688.5567pt, 71.13188pt)
* \paperwidth=597.50787pt
* \paperheight=845.04684pt
* \textwidth=455.24411pt
* \textheight=688.5567pt
* \oddsidemargin=-1.1381pt
* \evensidemargin=-1.1381pt
* \topmargin=-18.82864pt
* \headheight=12.0pt
* \headsep=19.91692pt
* \topskip=11.0pt
* \footskip=30.0pt
* \marginparwidth=113.0pt
* \marginparsep=10.0pt
* \columnsep=10.0pt
* \skip\footins=10.0pt plus 4.0pt minus 2.0pt
* \hoffset=0.0pt
* \voffset=0.0pt
* \mag=1000
* \@twocolumnfalse
* \@twosidetrue
* \@mparswitchtrue
* \@reversemarginfalse
* (1in=72.27pt=25.4mm, 1cm=28.453pt)


("C:\Users\ERTY\AppData\Local\Programs\MiKTeX 2.9\tex\context\base\supp-pdf.mki
i"
[Loading MPS to PDF converter (version 2006.09.02).]
\scratchcounter=\count158
\scratchdimen=\dimen288
\scratchbox=\box56
\nofMPsegments=\count159
\nofMParguments=\count160
\everyMPshowfont=\toks49
\MPscratchCnt=\count161
\MPscratchDim=\dimen289
\MPnumerator=\count162
\makeMPintoPDFobject=\count163
\everyMPtoPDFconversion=\toks50
)
("C:\Users\ERTY\AppData\Local\Programs\MiKTeX 2.9\tex\latex\oberdiek\epstopdf-b
ase.sty"
Package: epstopdf-base 2016/05/15 v2.6 Base part for package epstopdf

("C:\Users\ERTY\AppData\Local\Programs\MiKTeX 2.9\tex\latex\oberdiek\grfext.sty
"
Package: grfext 2016/05/16 v1.2 Manage graphics extensions (HO)
)
Package epstopdf-base Info: Redefining graphics rule for `.eps' on input line 4
38.
Package grfext Info: Graphics extension search list:
(grfext)             [.pdf,.png,.jpg,.mps,.jpeg,.jbig2,.jb2,.PDF,.PNG,.JPG,.JPE
G,.JBIG2,.JB2,.eps]
(grfext)             \AppendGraphicsExtensions on input line 456.
)
Package caption Info: Begin \AtBeginDocument code.
Package caption Info: hyperref package is loaded.
Package caption Info: listings package is loaded.
Package caption Info: End \AtBeginDocument code.
\AtBeginShipoutBox=\box57
Package hyperref Info: Link coloring ON on input line 25.

("C:\Users\ERTY\AppData\Local\Programs\MiKTeX 2.9\tex\latex\hyperref\nameref.st
y"
Package: nameref 2016/05/21 v2.44 Cross-referencing by name of section

("C:\Users\ERTY\AppData\Local\Programs\MiKTeX 2.9\tex\generic\oberdiek\gettitle
string.sty"
Package: gettitlestring 2016/05/16 v1.5 Cleanup title references (HO)
)
\c@section@level=\count164
)
LaTeX Info: Redefining \ref on input line 25.
LaTeX Info: Redefining \pageref on input line 25.
LaTeX Info: Redefining \nameref on input line 25.
 (main.out) (main.out)
\@outlinefile=\write4
\openout4 = `main.out'.

 ABD: EveryShipout initializing macros
\c@lstlisting=\count165
LaTeX Font Info:    Font shape `T1/ptm/bx/n' in size <14.4> not available
(Font)              Font shape `T1/ptm/b/n' tried instead on input line 37.
<Images/Logo/logo.jpg, id=150, 602.25pt x 479.7925pt>
File: Images/Logo/logo.jpg Graphic file (type jpg)
<use Images/Logo/logo.jpg>
Package pdftex.def Info: Images/Logo/logo.jpg  used on input line 41.
(pdftex.def)             Requested size: 180.67639pt x 143.93884pt.
LaTeX Font Info:    Font shape `T1/ptm/bx/sc' in size <35> not available
(Font)              Font shape `T1/ptm/b/sc' tried instead on input line 44.
LaTeX Font Info:    Font shape `T1/ptm/bx/n' in size <25> not available
(Font)              Font shape `T1/ptm/b/n' tried instead on input line 45.
LaTeX Font Info:    Font shape `T1/ptm/bx/n' in size <17.28> not available
(Font)              Font shape `T1/ptm/b/n' tried instead on input line 49.

[1

{C:/Users/ERTY/AppData/Local/MiKTeX/2.9/pdftex/config/pdftex.map} <./Images/Log
o/logo.jpg>]
LaTeX Font Info:    Try loading font information for U+wasy on input line 58.

("C:\Users\ERTY\AppData\Local\Programs\MiKTeX 2.9\tex\latex\wasysym\uwasy.fd"
File: uwasy.fd 2003/10/30 v2.0 Wasy-2 symbol font definitions
)
LaTeX Font Info:    Try loading font information for U+msa on input line 58.

("C:\Users\ERTY\AppData\Local\Programs\MiKTeX 2.9\tex\latex\amsfonts\umsa.fd"
File: umsa.fd 2013/01/14 v3.01 AMS symbols A
)
LaTeX Font Info:    Try loading font information for U+msb on input line 58.

("C:\Users\ERTY\AppData\Local\Programs\MiKTeX 2.9\tex\latex\amsfonts\umsb.fd"
File: umsb.fd 2013/01/14 v3.01 AMS symbols B
)
("C:\Users\ERTY\AppData\Local\Programs\MiKTeX 2.9\tex\latex\psnfss\omsptm.fd")
LaTeX Font Info:    Font shape `OMS/ptm/m/n' in size <10> not available
(Font)              Font shape `OMS/cmsy/m/n' tried instead on input line 79.

[2]
LaTeX Font Info:    Font shape `T1/ptm/bx/n' in size <20.74> not available
(Font)              Font shape `T1/ptm/b/n' tried instead on input line 81.
 (main.toc)
\tf@toc=\write5
\openout5 = `main.toc'.

 [3] (main.lof)
\tf@lof=\write6
\openout6 = `main.lof'.

 [4] (Files/introduction.tex
LaTeX Font Info:    Font shape `T1/ptm/bx/n' in size <12> not available
(Font)              Font shape `T1/ptm/b/n' tried instead on input line 1.
 [5

]
Overfull \hbox (25.52461pt too wide) in paragraph at lines 55--63
[][] 
 []

[6] [7

]) (Files/architecturaldesign.tex
<Images/Overview.png, id=319, 2418.03375pt x 1399.47844pt>
File: Images/Overview.png Graphic file (type png)
<use Images/Overview.png>
Package pdftex.def Info: Images/Overview.png  used on input line 7.
(pdftex.def)             Requested size: 435.2273pt x 251.89525pt.

Underfull \hbox (badness 10000) in paragraph at lines 2--9

 []


Overfull \hbox (14.77887pt too wide) in paragraph at lines 25--27
\T1/ptm/m/n/10.95 More pre-cisely, Data4Help man-ages the data and the core sys
-tem logic while Au-to-mat-ed-SOS and Track4Run
 []

[8



 <./Images/Overview.png>]
<Images/ComponentDiagram.png, id=326, 617.9085pt x 649.2255pt>
File: Images/ComponentDiagram.png Graphic file (type png)
<use Images/ComponentDiagram.png>
Package pdftex.def Info: Images/ComponentDiagram.png  used on input line 32.
(pdftex.def)             Requested size: 271.88057pt x 285.6601pt.
 [9 <./Images/ComponentDiagram.png>] [10] [11]
<Images/ERDiagram.png, id=339, 752.8125pt x 752.8125pt>
File: Images/ERDiagram.png Graphic file (type png)
<use Images/ERDiagram.png>
Package pdftex.def Info: Images/ERDiagram.png  used on input line 116.
(pdftex.def)             Requested size: 489.32233pt x 489.32233pt.

Overfull \hbox (34.07822pt too wide) in paragraph at lines 116--117
 [][] 
 []

[12

 <./Images/ERDiagram.png>]
<Images/DeploymentDiagram.png, id=345, 4064.4347pt x 2628.82124pt>
File: Images/DeploymentDiagram.png Graphic file (type png)
<use Images/DeploymentDiagram.png>
Package pdftex.def Info: Images/DeploymentDiagram.png  used on input line 136.
(pdftex.def)             Requested size: 487.71112pt x 315.44493pt.

Overfull \hbox (32.46701pt too wide) in paragraph at lines 136--137
 [][] 
 []

[13 <./Images/DeploymentDiagram.png>]
<Images/SequenceDiagrams/IndividualRequest.pdf, id=352, 592.05205pt x 519.51329
pt>
File: Images/SequenceDiagrams/IndividualRequest.pdf Graphic file (type pdf)
<use Images/SequenceDiagrams/IndividualRequest.pdf>
Package pdftex.def Info: Images/SequenceDiagrams/IndividualRequest.pdf  used on
 input line 148.
(pdftex.def)             Requested size: 473.64227pt x 415.61119pt.

Overfull \hbox (18.39816pt too wide) in paragraph at lines 148--149
 [][] 
 []


Underfull \hbox (badness 10000) in paragraph at lines 144--151

 []

[14

 <./Images/SequenceDiagrams/IndividualRequest.pdf>]
<Images/SequenceDiagrams/SendAmbulance.pdf, id=396, 492.72531pt x 522.38626pt>
File: Images/SequenceDiagrams/SendAmbulance.pdf Graphic file (type pdf)
<use Images/SequenceDiagrams/SendAmbulance.pdf>
Package pdftex.def Info: Images/SequenceDiagrams/SendAmbulance.pdf  used on inp
ut line 158.
(pdftex.def)             Requested size: 458.2298pt x 485.8142pt.

Overfull \hbox (2.98569pt too wide) in paragraph at lines 158--159
 [][] 
 []


Underfull \hbox (badness 10000) in paragraph at lines 154--161

 []

[15

 <./Images/SequenceDiagrams/SendAmbulance.pdf>]
<Images/SequenceDiagrams/SpectateRun.pdf, id=449, 580.75594pt x 521.07442pt>
File: Images/SequenceDiagrams/SpectateRun.pdf Graphic file (type pdf)
<use Images/SequenceDiagrams/SpectateRun.pdf>
Package pdftex.def Info: Images/SequenceDiagrams/SpectateRun.pdf  used on input
 line 168.
(pdftex.def)             Requested size: 464.60538pt x 416.86009pt.

Overfull \hbox (9.36127pt too wide) in paragraph at lines 168--169
 [][] 
 []


Underfull \hbox (badness 10000) in paragraph at lines 164--170

 []

[16 <./Images/SequenceDiagrams/SpectateRun.pdf>]
<Images/ComponentInterface.pdf, id=499, 549.96133pt x 519.44711pt>
File: Images/ComponentInterface.pdf Graphic file (type pdf)
<use Images/ComponentInterface.pdf>
Package pdftex.def Info: Images/ComponentInterface.pdf  used on input line 179.

(pdftex.def)             Requested size: 439.96967pt x 415.55826pt.

Underfull \hbox (badness 10000) in paragraph at lines 175--181

 []

[17

 <./Images/ComponentInterface.pdf>] [18]
Underfull \hbox (badness 10000) in paragraph at lines 260--261

 []

[19


]) [20] (Files/uidesign.tex
<Images/Mockups/Homepage.jpg, id=608, 1367.1075pt x 798.985pt>
File: Images/Mockups/Homepage.jpg Graphic file (type jpg)
<use Images/Mockups/Homepage.jpg>
Package pdftex.def Info: Images/Mockups/Homepage.jpg  used on input line 12.
(pdftex.def)             Requested size: 451.14687pt x 263.66586pt.
 [21

 <./Images/Mockups/Homepage.jpg>]
<Images/Mockups/IndividualRequest.jpg, id=613, 1367.1075pt x 798.985pt>
File: Images/Mockups/IndividualRequest.jpg Graphic file (type jpg)
<use Images/Mockups/IndividualRequest.jpg>
Package pdftex.def Info: Images/Mockups/IndividualRequest.jpg  used on input li
ne 23.
(pdftex.def)             Requested size: 451.14687pt x 263.66586pt.
 [22

 <./Images/Mockups/IndividualRequest.jpg>]
<Images/Mockups/GroupRequest.jpg, id=618, 1367.1075pt x 798.985pt>
File: Images/Mockups/GroupRequest.jpg Graphic file (type jpg)
<use Images/Mockups/GroupRequest.jpg>
Package pdftex.def Info: Images/Mockups/GroupRequest.jpg  used on input line 31
.
(pdftex.def)             Requested size: 451.14687pt x 263.66586pt.
 [23

 <./Images/Mockups/GroupRequest.jpg>]
<Images/Mockups/AutomatedSOSMockup1.png, id=623, 611.28375pt x 914.41624pt>
File: Images/Mockups/AutomatedSOSMockup1.png Graphic file (type png)
<use Images/Mockups/AutomatedSOSMockup1.png>
Package pdftex.def Info: Images/Mockups/AutomatedSOSMockup1.png  used on input 
line 45.
(pdftex.def)             Requested size: 228.24213pt x 341.43306pt.

Overfull \hbox (46.14726pt too wide) in paragraph at lines 45--46
 [][] 
 []

<Images/Mockups/AutomatedSOSMockup6.png, id=624, 605.26125pt x 916.42375pt>
File: Images/Mockups/AutomatedSOSMockup6.png Graphic file (type png)
<use Images/Mockups/AutomatedSOSMockup6.png>
Package pdftex.def Info: Images/Mockups/AutomatedSOSMockup6.png  used on input 
line 51.
(pdftex.def)             Requested size: 225.50395pt x 341.43306pt.

Overfull \hbox (43.40909pt too wide) in paragraph at lines 51--52
 [][] 
 []

[24

 <./Images/Mockups/AutomatedSOSMockup1.png> <./Images/Mockups/AutomatedSOSMocku
p6.png>]
<Images/Mockups/AutomatedSOSMockup2.png, id=631, 622.325pt x 913.4125pt>
File: Images/Mockups/AutomatedSOSMockup2.png Graphic file (type png)
<use Images/Mockups/AutomatedSOSMockup2.png>
Package pdftex.def Info: Images/Mockups/AutomatedSOSMockup2.png  used on input 
line 62.
(pdftex.def)             Requested size: 232.62112pt x 341.43306pt.

Overfull \hbox (50.52626pt too wide) in paragraph at lines 62--63
 [][] 
 []

<Images/Mockups/AutomatedSOSMockup4.png, id=632, 609.27625pt x 913.4125pt>
File: Images/Mockups/AutomatedSOSMockup4.png Graphic file (type png)
<use Images/Mockups/AutomatedSOSMockup4.png>
Package pdftex.def Info: Images/Mockups/AutomatedSOSMockup4.png  used on input 
line 68.
(pdftex.def)             Requested size: 227.74358pt x 341.43306pt.

Overfull \hbox (45.64871pt too wide) in paragraph at lines 68--69
 [][] 
 []

[25

 <./Images/Mockups/AutomatedSOSMockup2.png> <./Images/Mockups/AutomatedSOSMocku
p4.png>]
<Images/Mockups/AutomatedSOSMockup5.png, id=640, 611.28375pt x 912.40875pt>
File: Images/Mockups/AutomatedSOSMockup5.png Graphic file (type png)
<use Images/Mockups/AutomatedSOSMockup5.png>
Package pdftex.def Info: Images/Mockups/AutomatedSOSMockup5.png  used on input 
line 80.
(pdftex.def)             Requested size: 228.74582pt x 341.43306pt.

Overfull \hbox (46.65096pt too wide) in paragraph at lines 80--81
 [][] 
 []

<Images/Mockups/AutomatedSOSMockup7.png, id=641, 612.2875pt x 914.41624pt>
File: Images/Mockups/AutomatedSOSMockup7.png Graphic file (type png)
<use Images/Mockups/AutomatedSOSMockup7.png>
Package pdftex.def Info: Images/Mockups/AutomatedSOSMockup7.png  used on input 
line 86.
(pdftex.def)             Requested size: 228.61691pt x 341.43306pt.

Overfull \hbox (46.52205pt too wide) in paragraph at lines 86--87
 [][] 
 []

[26

 <./Images/Mockups/AutomatedSOSMockup5.png> <./Images/Mockups/AutomatedSOSMocku
p7.png>]
<Images/Mockups/Track4RunMockup1.jpg, id=648, 792.9625pt x 1368.11125pt>
File: Images/Mockups/Track4RunMockup1.jpg Graphic file (type jpg)
<use Images/Mockups/Track4RunMockup1.jpg>
Package pdftex.def Info: Images/Mockups/Track4RunMockup1.jpg  used on input lin
e 103.
(pdftex.def)             Requested size: 230.8728pt x 398.33858pt.

Overfull \hbox (48.77794pt too wide) in paragraph at lines 103--104
 [][] 
 []

<Images/Mockups/Track4RunMockup4.jpg, id=649, 784.9325pt x 1369.115pt>
File: Images/Mockups/Track4RunMockup4.jpg Graphic file (type jpg)
<use Images/Mockups/Track4RunMockup4.jpg>
Package pdftex.def Info: Images/Mockups/Track4RunMockup4.jpg  used on input lin
e 109.
(pdftex.def)             Requested size: 228.36717pt x 398.33858pt.

Overfull \hbox (46.27231pt too wide) in paragraph at lines 109--110
 [][] 
 []


Underfull \hbox (badness 10000) in paragraph at lines 96--113

 []

[27

 <./Images/Mockups/Track4RunMockup1.jpg> <./Images/Mockups/Track4RunMockup4.jpg
>]
<Images/Mockups/Track4RunMockup2.jpg, id=654, 792.9625pt x 1368.11125pt>
File: Images/Mockups/Track4RunMockup2.jpg Graphic file (type jpg)
<use Images/Mockups/Track4RunMockup2.jpg>
Package pdftex.def Info: Images/Mockups/Track4RunMockup2.jpg  used on input lin
e 120.
(pdftex.def)             Requested size: 230.8728pt x 398.33858pt.

Overfull \hbox (48.77794pt too wide) in paragraph at lines 120--121
 [][] 
 []

<Images/Mockups/Track4RunMockup3.jpg, id=655, 792.9625pt x 1368.11125pt>
File: Images/Mockups/Track4RunMockup3.jpg Graphic file (type jpg)
<use Images/Mockups/Track4RunMockup3.jpg>
Package pdftex.def Info: Images/Mockups/Track4RunMockup3.jpg  used on input lin
e 126.
(pdftex.def)             Requested size: 230.8728pt x 398.33858pt.

Overfull \hbox (48.77794pt too wide) in paragraph at lines 126--127
 [][] 
 []

[28

 <./Images/Mockups/Track4RunMockup2.jpg> <./Images/Mockups/Track4RunMockup3.jpg
>]
<Images/Mockups/Track4RunMockup5.jpg, id=660, 784.9325pt x 1371.1225pt>
File: Images/Mockups/Track4RunMockup5.jpg Graphic file (type jpg)
<use Images/Mockups/Track4RunMockup5.jpg>
Package pdftex.def Info: Images/Mockups/Track4RunMockup5.jpg  used on input lin
e 137.
(pdftex.def)             Requested size: 228.03181pt x 398.33858pt.

Overfull \hbox (45.93695pt too wide) in paragraph at lines 137--138
 [][] 
 []

<Images/Mockups/Track4RunMockup6.jpg, id=661, 783.92876pt x 1365.1pt>
File: Images/Mockups/Track4RunMockup6.jpg Graphic file (type jpg)
<use Images/Mockups/Track4RunMockup6.jpg>
Package pdftex.def Info: Images/Mockups/Track4RunMockup6.jpg  used on input lin
e 143.
(pdftex.def)             Requested size: 228.74501pt x 398.33858pt.

Overfull \hbox (46.65015pt too wide) in paragraph at lines 143--144
 [][] 
 []

[29

 <./Images/Mockups/Track4RunMockup5.jpg> <./Images/Mockups/Track4RunMockup6.jpg
>]
<Images/Mockups/Track4RunMockup7.jpg, id=666, 783.92876pt x 1365.1pt>
File: Images/Mockups/Track4RunMockup7.jpg Graphic file (type jpg)
<use Images/Mockups/Track4RunMockup7.jpg>
Package pdftex.def Info: Images/Mockups/Track4RunMockup7.jpg  used on input lin
e 154.
(pdftex.def)             Requested size: 228.74501pt x 398.33858pt.

Overfull \hbox (46.65015pt too wide) in paragraph at lines 154--155
 [][] 
 []

<Images/Mockups/Track4RunMockup8.jpg, id=667, 789.95125pt x 1367.1075pt>
File: Images/Mockups/Track4RunMockup8.jpg Graphic file (type jpg)
<use Images/Mockups/Track4RunMockup8.jpg>
Package pdftex.def Info: Images/Mockups/Track4RunMockup8.jpg  used on input lin
e 160.
(pdftex.def)             Requested size: 230.16483pt x 398.33858pt.

Overfull \hbox (48.06996pt too wide) in paragraph at lines 160--161
 [][] 
 []

[30

 <./Images/Mockups/Track4RunMockup7.jpg> <./Images/Mockups/Track4RunMockup8.jpg
>]) (Files/requirements.tex [31


]
Overfull \hbox (10.0718pt too wide) in paragraph at lines 70--71
[]\T1/ptm/m/n/10.95 DataCollector: This com-po-nent once data are ar-rived from
 DB, asks through Pro-videStatis-
 []

[32] [33] [34] [35] [36]) [37] (Files/imp.tex
<Images/ImplementationPlan.png, id=702, 562.5015pt x 437.83575pt>
File: Images/ImplementationPlan.png Graphic file (type png)
<use Images/ImplementationPlan.png>
Package pdftex.def Info: Images/ImplementationPlan.png  used on input line 9.
(pdftex.def)             Requested size: 393.74837pt x 306.48294pt.
 [38

 <./Images/ImplementationPlan.png>]
<Images/IntegrationPlanImages/fig1.png, id=707, 296.90926pt x 162.6075pt>
File: Images/IntegrationPlanImages/fig1.png Graphic file (type png)
<use Images/IntegrationPlanImages/fig1.png>
Package pdftex.def Info: Images/IntegrationPlanImages/fig1.png  used on input l
ine 39.
(pdftex.def)             Requested size: 207.83505pt x 113.82446pt.
<Images/IntegrationPlanImages/fig2.png, id=708, 296.307pt x 162.6075pt>
File: Images/IntegrationPlanImages/fig2.png Graphic file (type png)
<use Images/IntegrationPlanImages/fig2.png>
Package pdftex.def Info: Images/IntegrationPlanImages/fig2.png  used on input l
ine 45.
(pdftex.def)             Requested size: 207.41348pt x 113.82446pt.
<Images/IntegrationPlanImages/fig3.png, id=709, 295.70474pt x 163.20975pt>
File: Images/IntegrationPlanImages/fig3.png Graphic file (type png)
<use Images/IntegrationPlanImages/fig3.png>
Package pdftex.def Info: Images/IntegrationPlanImages/fig3.png  used on input l
ine 54.
(pdftex.def)             Requested size: 206.9919pt x 114.24603pt.
 [39 <./Images/IntegrationPlanImages/fig1.png> <./Images/IntegrationPlanImages/
fig2.png>]
<Images/IntegrationPlanImages/fig4.png, id=714, 296.307pt x 162.6075pt>
File: Images/IntegrationPlanImages/fig4.png Graphic file (type png)
<use Images/IntegrationPlanImages/fig4.png>
Package pdftex.def Info: Images/IntegrationPlanImages/fig4.png  used on input l
ine 60.
(pdftex.def)             Requested size: 207.41348pt x 113.82446pt.
<Images/IntegrationPlanImages/fig5.png, id=715, 114.4275pt x 163.20975pt>
File: Images/IntegrationPlanImages/fig5.png Graphic file (type png)
<use Images/IntegrationPlanImages/fig5.png>
Package pdftex.def Info: Images/IntegrationPlanImages/fig5.png  used on input l
ine 66.
(pdftex.def)             Requested size: 80.0987pt x 114.24603pt.
<Images/IntegrationPlanImages/fig6.png, id=716, 115.632pt x 161.403pt>
File: Images/IntegrationPlanImages/fig6.png Graphic file (type png)
<use Images/IntegrationPlanImages/fig6.png>
Package pdftex.def Info: Images/IntegrationPlanImages/fig6.png  used on input l
ine 72.
(pdftex.def)             Requested size: 80.94183pt x 112.98132pt.
<Images/IntegrationPlanImages/fig7.png, id=717, 116.8365pt x 163.20975pt>
File: Images/IntegrationPlanImages/fig7.png Graphic file (type png)
<use Images/IntegrationPlanImages/fig7.png>
Package pdftex.def Info: Images/IntegrationPlanImages/fig7.png  used on input l
ine 78.
(pdftex.def)             Requested size: 81.78499pt x 114.24603pt.

Underfull \vbox (badness 10000) has occurred while \output is active []

 [40 <./Images/IntegrationPlanImages/fig3.png> <./Images/IntegrationPlanImages/
fig4.png> <./Images/IntegrationPlanImages/fig5.png> <./Images/IntegrationPlanIm
ages/fig6.png>]
<Images/IntegrationPlanImages/fig8.png, id=722, 118.041pt x 161.403pt>
File: Images/IntegrationPlanImages/fig8.png Graphic file (type png)
<use Images/IntegrationPlanImages/fig8.png>
Package pdftex.def Info: Images/IntegrationPlanImages/fig8.png  used on input l
ine 84.
(pdftex.def)             Requested size: 82.62811pt x 112.98132pt.
<Images/IntegrationPlanImages/fig9.png, id=723, 114.4275pt x 160.80075pt>
File: Images/IntegrationPlanImages/fig9.png Graphic file (type png)
<use Images/IntegrationPlanImages/fig9.png>
Package pdftex.def Info: Images/IntegrationPlanImages/fig9.png  used on input l
ine 90.
(pdftex.def)             Requested size: 80.0987pt x 112.55974pt.
<Images/IntegrationPlanImages/fig10.png, id=724, 116.23425pt x 162.6075pt>
File: Images/IntegrationPlanImages/fig10.png Graphic file (type png)
<use Images/IntegrationPlanImages/fig10.png>
Package pdftex.def Info: Images/IntegrationPlanImages/fig10.png  used on input 
line 96.
(pdftex.def)             Requested size: 81.3634pt x 113.82446pt.
<Images/IntegrationPlanImages/fig11.png, id=725, 684.75826pt x 161.403pt>
File: Images/IntegrationPlanImages/fig11.png Graphic file (type png)
<use Images/IntegrationPlanImages/fig11.png>
Package pdftex.def Info: Images/IntegrationPlanImages/fig11.png  used on input 
line 102.
(pdftex.def)             Requested size: 479.32751pt x 112.98132pt.

Overfull \hbox (24.0834pt too wide) in paragraph at lines 102--103
 [][] 
 []


Underfull \vbox (badness 10000) has occurred while \output is active []

 [41 <./Images/IntegrationPlanImages/fig7.png> <./Images/IntegrationPlanImages/
fig8.png> <./Images/IntegrationPlanImages/fig9.png> <./Images/IntegrationPlanIm
ages/fig10.png>]
<Images/IntegrationPlanImages/fig12.png, id=730, 133.09724pt x 162.00525pt>
File: Images/IntegrationPlanImages/fig12.png Graphic file (type png)
<use Images/IntegrationPlanImages/fig12.png>
Package pdftex.def Info: Images/IntegrationPlanImages/fig12.png  used on input 
line 108.
(pdftex.def)             Requested size: 93.16742pt x 113.40288pt.
<Images/IntegrationPlanImages/fig13.png, id=731, 118.041pt x 163.812pt>
File: Images/IntegrationPlanImages/fig13.png Graphic file (type png)
<use Images/IntegrationPlanImages/fig13.png>
Package pdftex.def Info: Images/IntegrationPlanImages/fig13.png  used on input 
line 114.
(pdftex.def)             Requested size: 82.62811pt x 114.6676pt.
<Images/IntegrationPlanImages/fig14.png, id=732, 298.11375pt x 164.41425pt>
File: Images/IntegrationPlanImages/fig14.png Graphic file (type png)
<use Images/IntegrationPlanImages/fig14.png>
Package pdftex.def Info: Images/IntegrationPlanImages/fig14.png  used on input 
line 120.
(pdftex.def)             Requested size: 208.67819pt x 115.08917pt.
<Images/IntegrationPlanImages/fig15.png, id=733, 290.2845pt x 171.039pt>
File: Images/IntegrationPlanImages/fig15.png Graphic file (type png)
<use Images/IntegrationPlanImages/fig15.png>
Package pdftex.def Info: Images/IntegrationPlanImages/fig15.png  used on input 
line 129.
(pdftex.def)             Requested size: 203.19775pt x 119.72647pt.
 [42 <./Images/IntegrationPlanImages/fig11.png> <./Images/IntegrationPlanImages
/fig12.png> <./Images/IntegrationPlanImages/fig13.png> <./Images/IntegrationPla
nImages/fig14.png>]
<Images/IntegrationPlanImages/fig16.png, id=738, 458.31226pt x 171.039pt>
File: Images/IntegrationPlanImages/fig16.png Graphic file (type png)
<use Images/IntegrationPlanImages/fig16.png>
Package pdftex.def Info: Images/IntegrationPlanImages/fig16.png  used on input 
line 135.
(pdftex.def)             Requested size: 320.81638pt x 119.72647pt.
<Images/IntegrationPlanImages/fig17.png, id=739, 287.8755pt x 172.2435pt>
File: Images/IntegrationPlanImages/fig17.png Graphic file (type png)
<use Images/IntegrationPlanImages/fig17.png>
Package pdftex.def Info: Images/IntegrationPlanImages/fig17.png  used on input 
line 143.
(pdftex.def)             Requested size: 201.51146pt x 120.56961pt.
<Images/IntegrationPlanImages/fig18.png, id=740, 459.51675pt x 172.2435pt>
File: Images/IntegrationPlanImages/fig18.png Graphic file (type png)
<use Images/IntegrationPlanImages/fig18.png>
Package pdftex.def Info: Images/IntegrationPlanImages/fig18.png  used on input 
line 149.
(pdftex.def)             Requested size: 321.65953pt x 120.56961pt.

Underfull \vbox (badness 1681) has occurred while \output is active []

 [43 <./Images/IntegrationPlanImages/fig15.png> <./Images/IntegrationPlanImages
/fig16.png> <./Images/IntegrationPlanImages/fig17.png>]
<Images/IntegrationPlanImages/fig19.png, id=746, 289.68225pt x 171.64125pt>
File: Images/IntegrationPlanImages/fig19.png Graphic file (type png)
<use Images/IntegrationPlanImages/fig19.png>
Package pdftex.def Info: Images/IntegrationPlanImages/fig19.png  used on input 
line 156.
(pdftex.def)             Requested size: 202.77618pt x 120.14804pt.
<Images/IntegrationPlanImages/fig20.png, id=747, 460.119pt x 172.2435pt>
File: Images/IntegrationPlanImages/fig20.png Graphic file (type png)
<use Images/IntegrationPlanImages/fig20.png>
Package pdftex.def Info: Images/IntegrationPlanImages/fig20.png  used on input 
line 162.
(pdftex.def)             Requested size: 322.0811pt x 120.56961pt.
 [44 <./Images/IntegrationPlanImages/fig18.png> <./Images/IntegrationPlanImages
/fig19.png> <./Images/IntegrationPlanImages/fig20.png>]) [45] (Files/effort.tex


Package hyperref Warning: Difference (2) between bookmark levels is greater 
(hyperref)                than one, level fixed on input line 4.

[46

] [47

]) [48

] (Files/reference.tex
LaTeX Font Info:    Try loading font information for T1+lmtt on input line 9.

("C:\Users\ERTY\AppData\Local\Programs\MiKTeX 2.9\tex\latex\lm\t1lmtt.fd"
File: t1lmtt.fd 2009/10/30 v1.6 Font defs for Latin Modern
))
[49

]
Package atveryend Info: Empty hook `BeforeClearDocument' on input line 129.
Package atveryend Info: Empty hook `AfterLastShipout' on input line 129.
 (main.aux)
Package atveryend Info: Executing hook `AtVeryEndDocument' on input line 129.
Package atveryend Info: Executing hook `AtEndAfterFileList' on input line 129.
Package rerunfilecheck Info: File `main.out' has not changed.
(rerunfilecheck)             Checksum: 7198A12F74320B0FEE03B9063B75125D;2542.


LaTeX Warning: Label(s) may have changed. Rerun to get cross-references right.

Package atveryend Info: Empty hook `AtVeryVeryEnd' on input line 129.
 ) 
Here is how much of TeX's memory you used:
 23147 strings out of 492970
 428958 string characters out of 3127037
 502483 words of memory out of 3000000
 26321 multiletter control sequences out of 15000+200000
 57039 words of font info for 69 fonts, out of 3000000 for 9000
 1141 hyphenation exceptions out of 8191
 59i,21n,77p,1693b,642s stack positions out of 5000i,500n,10000p,200000b,50000s
{C:/Users/ERTY/AppData/Local/Programs/MiKTeX 2.9/fonts/enc/dvips/lm/lm-ec.enc
}{C:/Users/ERTY/AppData/Local/Programs/MiKTeX 2.9/fonts/enc/dvips/base/8r.enc}<
C:/Users/ERTY/AppData/Local/Programs/MiKTeX 2.9/fonts/type1/public/amsfonts/cm/
cmsy10.pfb><C:/Users/ERTY/AppData/Local/Programs/MiKTeX 2.9/fonts/type1/public/
lm/lmtt10.pfb><C:/Users/ERTY/AppData/Local/Programs/MiKTeX 2.9/fonts/type1/urw/
times/utmb8a.pfb><C:/Users/ERTY/AppData/Local/Programs/MiKTeX 2.9/fonts/type1/u
rw/times/utmr8a.pfb><C:/Users/ERTY/AppData/Local/Programs/MiKTeX 2.9/fonts/type
1/urw/times/utmri8a.pfb>
Output written on main.pdf (49 pages, 3942381 bytes).
PDF statistics:
 831 PDF objects out of 1000 (max. 8388607)
 141 named destinations out of 1000 (max. 500000)
 536 words of extra memory for PDF output out of 10000 (max. 10000000)

